k point number:     1: (   0.87500000   0.00000000   0.12500000 )
    State       eigenvalue  occ.number atom       total
    State        1
        1      -1248.61556   2.0000000      1     1.00001     1.00001     0.00000     0.00000     0.00000
        1      -1248.61556   2.0000000      2    -0.00001     0.00000    -0.00001    -0.00000    -0.00000    -0.00000
    State        2
        2       -503.33692   2.0000000      1     0.00025     0.00017     0.00006     0.00001     0.00002
        2       -503.33692   2.0000000      2     0.99975     0.99976    -0.00001     0.00000    -0.00000     0.00000
    State        3
        3        -73.94247   2.0000000      1     0.99995     1.00030    -0.00003    -0.00031    -0.00002
        3        -73.94247   2.0000000      2     0.00005    -0.00007     0.00006     0.00002     0.00001     0.00002
    State        4
        4        -41.22827   2.0000000      1     0.99881    -0.00192     1.00035     0.00030     0.00007
        4        -41.22827   2.0000000      2     0.00119     0.00026     0.00059     0.00025     0.00008     0.00001
    State        5
        5        -41.20877   2.0000000      1     0.99972    -0.00000     0.99971    -0.00010     0.00010
        5        -41.20877   2.0000000      2     0.00028     0.00000     0.00008     0.00008     0.00011     0.00000
    State        6
        6        -41.20129   2.0000000      1     0.99938    -0.00000     0.99943    -0.00005    -0.00000
        6        -41.20129   2.0000000      2     0.00062    -0.00000     0.00002     0.00051     0.00008     0.00001
    State        7
        7        -19.07620   2.0000000      1     0.17514     0.02983     0.12876     0.00602     0.01053
        7        -19.07620   2.0000000      2     0.82486     0.80672     0.01786     0.00030     0.00000    -0.00002
    State        8
        8         -4.24151   2.0000000      1     0.27564     0.23216    -0.05612     0.03197     0.06762
        8         -4.24151   2.0000000      2     0.72436     0.01662     0.70722     0.00048     0.00004     0.00001
    State        9
        9         -2.88500   2.0000000      1     0.13693    -0.00000     0.05158     0.02762     0.05773
        9         -2.88500   2.0000000      2     0.86307     0.00000     0.86001     0.00304     0.00002     0.00001
    State       10
       10         -2.53815   2.0000000      1     0.09999    -0.00000     0.00838     0.03677     0.05484
       10         -2.53815   2.0000000      2     0.90001    -0.00000     0.89934     0.00066     0.00002    -0.00001
    State       11
       11          4.33914   0.0000000      1     1.08336     0.63732     0.42723     0.01929    -0.00048
       11          4.33914   0.0000000      2    -0.08336    -0.14087     0.05481     0.00256     0.00007     0.00007
    State       12
       12         10.37509   0.0000000      1     0.86573    -0.00000     0.09181     0.58430     0.18962
       12         10.37509   0.0000000      2     0.13427    -0.00000     0.03671     0.09581     0.00172     0.00003
    State       13
       13         13.73013   0.0000000      1     0.84362     0.08087     0.23080     0.44645     0.08551
       13         13.73013   0.0000000      2     0.15638     0.00122     0.02907     0.12470     0.00134     0.00004
    State       14
       14         14.36335   0.0000000      1     0.84802     0.00000     0.00000     0.76952     0.07849
       14         14.36335   0.0000000      2     0.15198     0.00000    -0.00000     0.15015     0.00187    -0.00004
    State       15
       15         16.48023   0.0000000      1     0.87133     0.00000     0.55553     0.30159     0.01421
       15         16.48023   0.0000000      2     0.12867     0.00000     0.00096     0.12428     0.00303     0.00040
    State       16
       16         18.46048   0.0000000      1     0.88960     0.02714     0.14490     0.71325     0.00431
       16         18.46048   0.0000000      2     0.11040    -0.00052    -0.00021     0.10594     0.00483     0.00036
    State       17
       17         21.17272   0.0000000      1     0.95446     0.00000     0.54294     0.00020     0.41132
       17         21.17272   0.0000000      2     0.04554    -0.00000     0.01823     0.01426     0.01287     0.00017
    State       18
       18         23.57789   0.0000000      1     0.93804     0.14758     0.29727     0.49581    -0.00262
       18         23.57789   0.0000000      2     0.06196     0.00125     0.01251     0.03776     0.00994     0.00050
    State       19
       19         24.62964   0.0000000      1     0.95584     0.00000     0.34569     0.22665     0.38350
       19         24.62964   0.0000000      2     0.04416     0.00000    -0.00341     0.03188     0.01493     0.00076
    State       20
       20         25.57812   0.0000000      1     0.98693    -0.00000     0.38535     0.62226    -0.02068
       20         25.57812   0.0000000      2     0.01307    -0.00000    -0.00169     0.00637     0.00760     0.00079
    State       21
       21         32.71552   0.0000000      1     0.99003     0.01026     0.06999     0.01195     0.89783
       21         32.71552   0.0000000      2     0.00997    -0.10937    -0.04926     0.16488     0.00327     0.00044
k point number:     2: (   0.87500000   0.00000000   0.12500000 )
    State       eigenvalue  occ.number atom       total
    State        1
        1      -1248.61556   2.0000000      1     1.00001     1.00001     0.00000     0.00000     0.00000
        1      -1248.61556   2.0000000      2    -0.00001     0.00000    -0.00001    -0.00000    -0.00000    -0.00000
    State        2
        2       -503.33692   2.0000000      1     0.00025     0.00017     0.00006     0.00001     0.00002
        2       -503.33692   2.0000000      2     0.99975     0.99976    -0.00001     0.00000    -0.00000     0.00000
    State        3
        3        -73.94247   2.0000000      1     0.99995     1.00030    -0.00003    -0.00031    -0.00002
        3        -73.94247   2.0000000      2     0.00005    -0.00007     0.00006     0.00002     0.00001     0.00002
    State        4
        4        -41.22827   2.0000000      1     0.99881    -0.00192     1.00035     0.00030     0.00007
        4        -41.22827   2.0000000      2     0.00119     0.00026     0.00059     0.00025     0.00008     0.00001
    State        5
        5        -41.20877   2.0000000      1     0.99972    -0.00000     0.99971    -0.00010     0.00010
        5        -41.20877   2.0000000      2     0.00028     0.00000     0.00008     0.00008     0.00011     0.00000
    State        6
        6        -41.20129   2.0000000      1     0.99938    -0.00000     0.99943    -0.00005    -0.00000
        6        -41.20129   2.0000000      2     0.00062    -0.00000     0.00002     0.00051     0.00008     0.00001
    State        7
        7        -19.07620   2.0000000      1     0.17514     0.02983     0.12876     0.00602     0.01053
        7        -19.07620   2.0000000      2     0.82486     0.80672     0.01786     0.00030     0.00000    -0.00002
    State        8
        8         -4.24151   2.0000000      1     0.27564     0.23216    -0.05612     0.03197     0.06762
        8         -4.24151   2.0000000      2     0.72436     0.01662     0.70722     0.00048     0.00004     0.00001
    State        9
        9         -2.88500   2.0000000      1     0.13693    -0.00000     0.05158     0.02762     0.05773
        9         -2.88500   2.0000000      2     0.86307     0.00000     0.86001     0.00304     0.00002     0.00001
    State       10
       10         -2.53815   2.0000000      1     0.09999    -0.00000     0.00838     0.03677     0.05484
       10         -2.53815   2.0000000      2     0.90001    -0.00000     0.89934     0.00066     0.00002    -0.00001
    State       11
       11          4.33914   0.0000000      1     1.08336     0.63732     0.42723     0.01929    -0.00048
       11          4.33914   0.0000000      2    -0.08336    -0.14087     0.05481     0.00256     0.00007     0.00007
    State       12
       12         10.37509   0.0000000      1     0.86573    -0.00000     0.09181     0.58430     0.18962
       12         10.37509   0.0000000      2     0.13427    -0.00000     0.03671     0.09581     0.00172     0.00003
    State       13
       13         13.73013   0.0000000      1     0.84362     0.08087     0.23080     0.44645     0.08551
       13         13.73013   0.0000000      2     0.15638     0.00122     0.02907     0.12470     0.00134     0.00004
    State       14
       14         14.36335   0.0000000      1     0.84802     0.00000     0.00000     0.76952     0.07849
       14         14.36335   0.0000000      2     0.15198     0.00000    -0.00000     0.15015     0.00187    -0.00004
    State       15
       15         16.48023   0.0000000      1     0.87133     0.00000     0.55553     0.30159     0.01421
       15         16.48023   0.0000000      2     0.12867     0.00000     0.00096     0.12428     0.00303     0.00040
    State       16
       16         18.46048   0.0000000      1     0.88960     0.02714     0.14490     0.71325     0.00431
       16         18.46048   0.0000000      2     0.11040    -0.00052    -0.00021     0.10594     0.00483     0.00036
    State       17
       17         21.17272   0.0000000      1     0.95446     0.00000     0.54294     0.00020     0.41132
       17         21.17272   0.0000000      2     0.04554    -0.00000     0.01823     0.01426     0.01287     0.00017
    State       18
       18         23.57789   0.0000000      1     0.93804     0.14758     0.29727     0.49581    -0.00262
       18         23.57789   0.0000000      2     0.06196     0.00125     0.01251     0.03776     0.00994     0.00050
    State       19
       19         24.62964   0.0000000      1     0.95584     0.00000     0.34569     0.22665     0.38350
       19         24.62964   0.0000000      2     0.04416     0.00000    -0.00341     0.03188     0.01493     0.00076
    State       20
       20         25.57812   0.0000000      1     0.98693    -0.00000     0.38535     0.62226    -0.02068
       20         25.57812   0.0000000      2     0.01307    -0.00000    -0.00169     0.00637     0.00760     0.00079
    State       21
       21         32.71552   0.0000000      1     0.99003     0.01026     0.06999     0.01195     0.89783
       21         32.71552   0.0000000      2     0.00997    -0.10937    -0.04926     0.16488     0.00327     0.00044
