k point number:     1: (   0.00000000   0.25000000   0.00000000 )
    State       eigenvalue  occ.number atom       total
    State        1
        1      -1248.61556   2.0000000      1     1.00001     1.00001     0.00000     0.00000     0.00000
        1      -1248.61556   2.0000000      2    -0.00001     0.00000    -0.00001    -0.00000    -0.00000    -0.00000
    State        2
        2       -503.33692   2.0000000      1     0.00025     0.00015     0.00006     0.00001     0.00003
        2       -503.33692   2.0000000      2     0.99975     0.99977    -0.00002     0.00000    -0.00000     0.00000
    State        3
        3        -73.94118   2.0000000      1     0.99996     1.00047    -0.00018    -0.00032    -0.00001
        3        -73.94118   2.0000000      2     0.00004    -0.00002     0.00002     0.00000     0.00002     0.00001
    State        4
        4        -41.24470   2.0000000      1     0.99881    -0.00220     1.00065     0.00013     0.00024
        4        -41.24470   2.0000000      2     0.00119     0.00036     0.00057     0.00017     0.00007     0.00002
    State        5
        5        -41.20433   2.0000000      1     0.99938     0.00000     0.99940    -0.00004     0.00002
        5        -41.20433   2.0000000      2     0.00062    -0.00000     0.00000     0.00054     0.00007     0.00001
    State        6
        6        -41.20433   2.0000000      1     0.99938    -0.00000     0.99940    -0.00004     0.00002
        6        -41.20433   2.0000000      2     0.00062     0.00000     0.00000     0.00054     0.00007     0.00001
    State        7
        7        -18.89081   2.0000000      1     0.17016    -0.01612     0.15214     0.01242     0.02172
        7        -18.89081   2.0000000      2     0.82984     0.80883     0.02043     0.00061    -0.00000    -0.00002
    State        8
        8         -5.03873   2.0000000      1     0.31038     0.23861    -0.06347     0.08403     0.05121
        8         -5.03873   2.0000000      2     0.68962     0.01806     0.66965     0.00189     0.00001     0.00001
    State        9
        9         -2.69781   2.0000000      1     0.10849    -0.00000     0.01474     0.04750     0.04624
        9         -2.69781   2.0000000      2     0.89151    -0.00000     0.89065     0.00083     0.00003    -0.00000
    State       10
       10         -2.69781   2.0000000      1     0.10849     0.00000     0.01474     0.04750     0.04624
       10         -2.69781   2.0000000      2     0.89151     0.00000     0.89065     0.00083     0.00003    -0.00000
    State       11
       11          4.68564   0.0000000      1     1.09948     0.47586     0.65383    -0.04330     0.01309
       11          4.68564   0.0000000      2    -0.09948    -0.12275     0.00969     0.01344     0.00007     0.00007
    State       12
       12         10.07250   0.0000000      1     0.87437     0.09511     0.02774     0.58888     0.16265
       12         10.07250   0.0000000      2     0.12563    -0.00371     0.06036     0.06755     0.00142     0.00001
    State       13
       13         14.18485   0.0000000      1     0.84876    -0.00000     0.27865     0.43181     0.13831
       13         14.18485   0.0000000      2     0.15124     0.00000     0.00583     0.14398     0.00135     0.00007
    State       14
       14         14.18485   0.0000000      1     0.84876     0.00000     0.27865     0.43181     0.13831
       14         14.18485   0.0000000      2     0.15124    -0.00000     0.00583     0.14398     0.00135     0.00007
    State       15
       15         17.71551   0.0000000      1     0.87970     0.00000     0.26715     0.61615    -0.00360
       15         17.71551   0.0000000      2     0.12030     0.00000     0.00525     0.11025     0.00452     0.00027
    State       16
       16         17.71551   0.0000000      1     0.87970     0.00000     0.26715     0.61615    -0.00360
       16         17.71551   0.0000000      2     0.12030    -0.00000     0.00525     0.11025     0.00452     0.00027
    State       17
       17         19.83930   0.0000000      1     0.93957     0.28313     0.43905     0.06558     0.15181
       17         19.83930   0.0000000      2     0.06043     0.00342     0.04248     0.00126     0.01320     0.00007
    State       18
       18         25.73006   0.0000000      1     0.98128     0.08888    -0.01030     0.25261     0.65009
       18         25.73006   0.0000000      2     0.01872    -0.01060     0.00059     0.01249     0.01478     0.00146
    State       19
       19         26.08916   0.0000000      1     0.97953     0.00000     0.37847     0.59614     0.00492
       19         26.08916   0.0000000      2     0.02047     0.00000    -0.00397     0.01567     0.00812     0.00066
    State       20
       20         26.08916   0.0000000      1     0.97953     0.00000     0.37847     0.59614     0.00492
       20         26.08916   0.0000000      2     0.02047    -0.00000    -0.00397     0.01567     0.00812     0.00066
    State       21
       21         32.67987   0.0000000      1     1.01399    -0.03799     0.09579    -0.00125     0.95744
       21         32.67987   0.0000000      2    -0.01399    -0.16735    -0.06043     0.20986     0.00404    -0.00011
k point number:     2: (   0.00000000   0.25000000   0.00000000 )
    State       eigenvalue  occ.number atom       total
    State        1
        1      -1248.61556   2.0000000      1     1.00001     1.00001     0.00000     0.00000     0.00000
        1      -1248.61556   2.0000000      2    -0.00001     0.00000    -0.00001    -0.00000    -0.00000    -0.00000
    State        2
        2       -503.33692   2.0000000      1     0.00025     0.00015     0.00006     0.00001     0.00003
        2       -503.33692   2.0000000      2     0.99975     0.99977    -0.00002     0.00000    -0.00000     0.00000
    State        3
        3        -73.94118   2.0000000      1     0.99996     1.00047    -0.00018    -0.00032    -0.00001
        3        -73.94118   2.0000000      2     0.00004    -0.00002     0.00002     0.00000     0.00002     0.00001
    State        4
        4        -41.24470   2.0000000      1     0.99881    -0.00220     1.00065     0.00013     0.00024
        4        -41.24470   2.0000000      2     0.00119     0.00036     0.00057     0.00017     0.00007     0.00002
    State        5
        5        -41.20433   2.0000000      1     0.99938     0.00000     0.99940    -0.00004     0.00002
        5        -41.20433   2.0000000      2     0.00062    -0.00000     0.00000     0.00054     0.00007     0.00001
    State        6
        6        -41.20433   2.0000000      1     0.99938    -0.00000     0.99940    -0.00004     0.00002
        6        -41.20433   2.0000000      2     0.00062     0.00000     0.00000     0.00054     0.00007     0.00001
    State        7
        7        -18.89081   2.0000000      1     0.17016    -0.01612     0.15214     0.01242     0.02172
        7        -18.89081   2.0000000      2     0.82984     0.80883     0.02043     0.00061    -0.00000    -0.00002
    State        8
        8         -5.03873   2.0000000      1     0.31038     0.23861    -0.06347     0.08403     0.05121
        8         -5.03873   2.0000000      2     0.68962     0.01806     0.66965     0.00189     0.00001     0.00001
    State        9
        9         -2.69781   2.0000000      1     0.10849    -0.00000     0.01474     0.04750     0.04624
        9         -2.69781   2.0000000      2     0.89151    -0.00000     0.89065     0.00083     0.00003    -0.00000
    State       10
       10         -2.69781   2.0000000      1     0.10849     0.00000     0.01474     0.04750     0.04624
       10         -2.69781   2.0000000      2     0.89151     0.00000     0.89065     0.00083     0.00003    -0.00000
    State       11
       11          4.68564   0.0000000      1     1.09948     0.47586     0.65383    -0.04330     0.01309
       11          4.68564   0.0000000      2    -0.09948    -0.12275     0.00969     0.01344     0.00007     0.00007
    State       12
       12         10.07250   0.0000000      1     0.87437     0.09511     0.02774     0.58888     0.16265
       12         10.07250   0.0000000      2     0.12563    -0.00371     0.06036     0.06755     0.00142     0.00001
    State       13
       13         14.18485   0.0000000      1     0.84876    -0.00000     0.27865     0.43181     0.13831
       13         14.18485   0.0000000      2     0.15124     0.00000     0.00583     0.14398     0.00135     0.00007
    State       14
       14         14.18485   0.0000000      1     0.84876     0.00000     0.27865     0.43181     0.13831
       14         14.18485   0.0000000      2     0.15124    -0.00000     0.00583     0.14398     0.00135     0.00007
    State       15
       15         17.71551   0.0000000      1     0.87970     0.00000     0.26715     0.61615    -0.00360
       15         17.71551   0.0000000      2     0.12030     0.00000     0.00525     0.11025     0.00452     0.00027
    State       16
       16         17.71551   0.0000000      1     0.87970     0.00000     0.26715     0.61615    -0.00360
       16         17.71551   0.0000000      2     0.12030    -0.00000     0.00525     0.11025     0.00452     0.00027
    State       17
       17         19.83930   0.0000000      1     0.93957     0.28313     0.43905     0.06558     0.15181
       17         19.83930   0.0000000      2     0.06043     0.00342     0.04248     0.00126     0.01320     0.00007
    State       18
       18         25.73006   0.0000000      1     0.98128     0.08888    -0.01030     0.25261     0.65009
       18         25.73006   0.0000000      2     0.01872    -0.01060     0.00059     0.01249     0.01478     0.00146
    State       19
       19         26.08916   0.0000000      1     0.97953     0.00000     0.37847     0.59614     0.00492
       19         26.08916   0.0000000      2     0.02047     0.00000    -0.00397     0.01567     0.00812     0.00066
    State       20
       20         26.08916   0.0000000      1     0.97953     0.00000     0.37847     0.59614     0.00492
       20         26.08916   0.0000000      2     0.02047    -0.00000    -0.00397     0.01567     0.00812     0.00066
    State       21
       21         32.67987   0.0000000      1     1.01399    -0.03799     0.09579    -0.00125     0.95744
       21         32.67987   0.0000000      2    -0.01399    -0.16735    -0.06043     0.20986     0.00404    -0.00011
