k point number:     1: (   0.00000000   0.12500000   0.00000000 )
    State       eigenvalue  occ.number atom       total
    State        1
        1      -1248.61556   2.0000000      1     1.00000     1.00000     0.00000     0.00000     0.00000
        1      -1248.61556   2.0000000      2    -0.00000     0.00000    -0.00000    -0.00000    -0.00000    -0.00000
    State        2
        2       -503.33692   2.0000000      1     0.00026     0.00023     0.00003     0.00000     0.00001
        2       -503.33692   2.0000000      2     0.99974     0.99974    -0.00000     0.00000    -0.00000     0.00000
    State        3
        3        -73.94448   2.0000000      1     1.00002     1.00018    -0.00011    -0.00004    -0.00001
        3        -73.94448   2.0000000      2    -0.00002    -0.00013     0.00007     0.00000     0.00001     0.00003
    State        4
        4        -41.21298   2.0000000      1     0.99938    -0.00101     1.00031    -0.00002     0.00010
        4        -41.21298   2.0000000      2     0.00062     0.00011     0.00034     0.00005     0.00012     0.00001
    State        5
        5        -41.20110   2.0000000      1     0.99967     0.00000     0.99964    -0.00002     0.00004
        5        -41.20110   2.0000000      2     0.00033     0.00000     0.00005     0.00016     0.00012     0.00000
    State        6
        6        -41.20110   2.0000000      1     0.99967    -0.00000     0.99964    -0.00002     0.00004
        6        -41.20110   2.0000000      2     0.00033     0.00000     0.00005     0.00016     0.00012     0.00000
    State        7
        7        -19.33675   2.0000000      1     0.18630     0.11563     0.06539     0.00125     0.00403
        7        -19.33675   2.0000000      2     0.81370     0.80265     0.01103     0.00005    -0.00000    -0.00003
    State        8
        8         -3.31657   2.0000000      1     0.21649     0.17025    -0.04476     0.01939     0.07162
        8         -3.31657   2.0000000      2     0.78351     0.00848     0.77387     0.00112     0.00002     0.00001
    State        9
        9         -2.45727   2.0000000      1     0.10542    -0.00000     0.02335     0.01323     0.06884
        9         -2.45727   2.0000000      2     0.89458    -0.00000     0.89406     0.00048     0.00003    -0.00000
    State       10
       10         -2.45727   2.0000000      1     0.10542     0.00000     0.02335     0.01323     0.06884
       10         -2.45727   2.0000000      2     0.89458     0.00000     0.89406     0.00048     0.00003    -0.00000
    State       11
       11          3.26582   0.0000000      1     1.09948     0.87370     0.23214    -0.00658     0.00022
       11          3.26582   0.0000000      2    -0.09948    -0.15288     0.05224     0.00105     0.00002     0.00009
    State       12
       12         11.60191   0.0000000      1     0.86662     0.00676     0.05299     0.64308     0.16379
       12         11.60191   0.0000000      2     0.13338    -0.00009     0.01967     0.11199     0.00175     0.00005
    State       13
       13         13.67698   0.0000000      1     0.83973     0.00000     0.03950     0.76674     0.03348
       13         13.67698   0.0000000      2     0.16027     0.00000     0.00481     0.15470     0.00073     0.00003
    State       14
       14         13.67698   0.0000000      1     0.83973     0.00000     0.03950     0.76674     0.03348
       14         13.67698   0.0000000      2     0.16027    -0.00000     0.00481     0.15470     0.00073     0.00003
    State       15
       15         18.11516   0.0000000      1     0.88011     0.00000     0.30626     0.56691     0.00694
       15         18.11516   0.0000000      2     0.11989    -0.00000    -0.00024     0.11672     0.00285     0.00055
    State       16
       16         18.11516   0.0000000      1     0.88011     0.00000     0.30626     0.56691     0.00694
       16         18.11516   0.0000000      2     0.11989    -0.00000    -0.00024     0.11672     0.00285     0.00055
    State       17
       17         19.43174   0.0000000      1     0.95014     0.02012     0.18406     0.04065     0.70531
       17         19.43174   0.0000000      2     0.04986     0.00036     0.01032     0.02654     0.01256     0.00007
    State       18
       18         22.17195   0.0000000      1     0.96344     0.08041     0.63019     0.14595     0.10689
       18         22.17195   0.0000000      2     0.03656     0.00135     0.00486     0.01551     0.01460     0.00024
    State       19
       19         23.51444   0.0000000      1     0.96758     0.00000     0.63424     0.35344    -0.02010
       19         23.51444   0.0000000      2     0.03242    -0.00000     0.00644     0.01481     0.01074     0.00043
    State       20
       20         23.51444   0.0000000      1     0.96758     0.00000     0.63424     0.35344    -0.02010
       20         23.51444   0.0000000      2     0.03242    -0.00000     0.00644     0.01481     0.01074     0.00043
    State       21
       21         34.82759   0.0000000      1     1.04613     0.01391    -0.00421     0.02413     1.01230
       21         34.82759   0.0000000      2    -0.04613    -0.05522    -0.07028     0.07439     0.00457     0.00041
k point number:     2: (   0.00000000   0.12500000   0.00000000 )
    State       eigenvalue  occ.number atom       total
    State        1
        1      -1248.61556   2.0000000      1     1.00000     1.00000     0.00000     0.00000     0.00000
        1      -1248.61556   2.0000000      2    -0.00000     0.00000    -0.00000    -0.00000    -0.00000    -0.00000
    State        2
        2       -503.33692   2.0000000      1     0.00026     0.00023     0.00003     0.00000     0.00001
        2       -503.33692   2.0000000      2     0.99974     0.99974    -0.00000     0.00000    -0.00000     0.00000
    State        3
        3        -73.94448   2.0000000      1     1.00002     1.00018    -0.00011    -0.00004    -0.00001
        3        -73.94448   2.0000000      2    -0.00002    -0.00013     0.00007     0.00000     0.00001     0.00003
    State        4
        4        -41.21298   2.0000000      1     0.99938    -0.00101     1.00031    -0.00002     0.00010
        4        -41.21298   2.0000000      2     0.00062     0.00011     0.00034     0.00005     0.00012     0.00001
    State        5
        5        -41.20110   2.0000000      1     0.99967     0.00000     0.99964    -0.00002     0.00004
        5        -41.20110   2.0000000      2     0.00033     0.00000     0.00005     0.00016     0.00012     0.00000
    State        6
        6        -41.20110   2.0000000      1     0.99967    -0.00000     0.99964    -0.00002     0.00004
        6        -41.20110   2.0000000      2     0.00033     0.00000     0.00005     0.00016     0.00012     0.00000
    State        7
        7        -19.33675   2.0000000      1     0.18630     0.11563     0.06539     0.00125     0.00403
        7        -19.33675   2.0000000      2     0.81370     0.80265     0.01103     0.00005    -0.00000    -0.00003
    State        8
        8         -3.31657   2.0000000      1     0.21649     0.17025    -0.04476     0.01939     0.07162
        8         -3.31657   2.0000000      2     0.78351     0.00848     0.77387     0.00112     0.00002     0.00001
    State        9
        9         -2.45727   2.0000000      1     0.10542    -0.00000     0.02335     0.01323     0.06884
        9         -2.45727   2.0000000      2     0.89458    -0.00000     0.89406     0.00048     0.00003    -0.00000
    State       10
       10         -2.45727   2.0000000      1     0.10542     0.00000     0.02335     0.01323     0.06884
       10         -2.45727   2.0000000      2     0.89458     0.00000     0.89406     0.00048     0.00003    -0.00000
    State       11
       11          3.26582   0.0000000      1     1.09948     0.87370     0.23214    -0.00658     0.00022
       11          3.26582   0.0000000      2    -0.09948    -0.15288     0.05224     0.00105     0.00002     0.00009
    State       12
       12         11.60191   0.0000000      1     0.86662     0.00676     0.05299     0.64308     0.16379
       12         11.60191   0.0000000      2     0.13338    -0.00009     0.01967     0.11199     0.00175     0.00005
    State       13
       13         13.67698   0.0000000      1     0.83973     0.00000     0.03950     0.76674     0.03348
       13         13.67698   0.0000000      2     0.16027     0.00000     0.00481     0.15470     0.00073     0.00003
    State       14
       14         13.67698   0.0000000      1     0.83973     0.00000     0.03950     0.76674     0.03348
       14         13.67698   0.0000000      2     0.16027    -0.00000     0.00481     0.15470     0.00073     0.00003
    State       15
       15         18.11516   0.0000000      1     0.88011     0.00000     0.30626     0.56691     0.00694
       15         18.11516   0.0000000      2     0.11989    -0.00000    -0.00024     0.11672     0.00285     0.00055
    State       16
       16         18.11516   0.0000000      1     0.88011     0.00000     0.30626     0.56691     0.00694
       16         18.11516   0.0000000      2     0.11989    -0.00000    -0.00024     0.11672     0.00285     0.00055
    State       17
       17         19.43174   0.0000000      1     0.95014     0.02012     0.18406     0.04065     0.70531
       17         19.43174   0.0000000      2     0.04986     0.00036     0.01032     0.02654     0.01256     0.00007
    State       18
       18         22.17195   0.0000000      1     0.96344     0.08041     0.63019     0.14595     0.10689
       18         22.17195   0.0000000      2     0.03656     0.00135     0.00486     0.01551     0.01460     0.00024
    State       19
       19         23.51444   0.0000000      1     0.96758     0.00000     0.63424     0.35344    -0.02010
       19         23.51444   0.0000000      2     0.03242    -0.00000     0.00644     0.01481     0.01074     0.00043
    State       20
       20         23.51444   0.0000000      1     0.96758     0.00000     0.63424     0.35344    -0.02010
       20         23.51444   0.0000000      2     0.03242    -0.00000     0.00644     0.01481     0.01074     0.00043
    State       21
       21         34.82759   0.0000000      1     1.04613     0.01391    -0.00421     0.02413     1.01230
       21         34.82759   0.0000000      2    -0.04613    -0.05522    -0.07028     0.07439     0.00457     0.00041
