k point number:     1: (   0.00000000   0.00000000   0.00000000 )
    State       eigenvalue  occ.number atom       total
    State        1
        1      -1248.61556   2.0000000      1     1.00000     1.00000     0.00000     0.00000    -0.00000
        1      -1248.61556   2.0000000      2    -0.00000    -0.00000     0.00000    -0.00000    -0.00000    -0.00000
    State        2
        2       -503.33692   2.0000000      1     0.00027     0.00027    -0.00000     0.00000     0.00000
        2       -503.33692   2.0000000      2     0.99973     0.99973     0.00000     0.00000    -0.00000    -0.00000
    State        3
        3        -73.94584   2.0000000      1     1.00016     1.00016    -0.00000     0.00000     0.00000
        3        -73.94584   2.0000000      2    -0.00016    -0.00019    -0.00000    -0.00000    -0.00000     0.00003
    State        4
        4        -41.19976   2.0000000      1     0.99979    -0.00000     0.99972    -0.00000     0.00007
        4        -41.19976   2.0000000      2     0.00021     0.00000     0.00007    -0.00000     0.00014     0.00000
    State        5
        5        -41.19976   2.0000000      1     0.99979    -0.00000     0.99972     0.00000     0.00007
        5        -41.19976   2.0000000      2     0.00021     0.00000     0.00007    -0.00000     0.00014     0.00000
    State        6
        6        -41.19976   2.0000000      1     0.99979     0.00000     0.99972     0.00000     0.00007
        6        -41.19976   2.0000000      2     0.00021    -0.00000     0.00007    -0.00000     0.00014     0.00000
    State        7
        7        -19.50837   2.0000000      1     0.19892     0.19892     0.00000     0.00000    -0.00000
        7        -19.50837   2.0000000      2     0.80108     0.80111     0.00000     0.00000    -0.00000    -0.00003
    State        8
        8         -2.35266   2.0000000      1     0.10309    -0.00000     0.02643    -0.00000     0.07666
        8         -2.35266   2.0000000      2     0.89691     0.00000     0.89687    -0.00000     0.00004     0.00000
    State        9
        9         -2.35266   2.0000000      1     0.10309    -0.00000     0.02643    -0.00000     0.07666
        9         -2.35266   2.0000000      2     0.89691     0.00000     0.89687     0.00000     0.00004    -0.00000
    State       10
       10         -2.35266   2.0000000      1     0.10309    -0.00000     0.02643    -0.00000     0.07666
       10         -2.35266   2.0000000      2     0.89691     0.00000     0.89687    -0.00000     0.00004    -0.00000
    State       11
       11          2.35266   0.0000000      1     1.15815     1.15815    -0.00000     0.00000     0.00000
       11          2.35266   0.0000000      2    -0.15815    -0.15826    -0.00000    -0.00000    -0.00000     0.00011
    State       12
       12         13.31333   0.0000000      1     0.83701     0.00000     0.00000     0.83701    -0.00000
       12         13.31333   0.0000000      2     0.16299     0.00000     0.00000     0.16293    -0.00000     0.00006
    State       13
       13         13.31333   0.0000000      1     0.83701    -0.00000     0.00000     0.83701     0.00000
       13         13.31333   0.0000000      2     0.16299    -0.00000     0.00000     0.16293    -0.00000     0.00006
    State       14
       14         13.31333   0.0000000      1     0.83701     0.00000     0.00000     0.83701    -0.00000
       14         13.31333   0.0000000      2     0.16299     0.00000     0.00000     0.16293    -0.00000     0.00006
    State       15
       15         17.13824   0.0000000      1     0.98646    -0.00000    -0.00000     0.00000     0.98646
       15         17.13824   0.0000000      2     0.01354     0.00000     0.00000    -0.00000     0.01354     0.00000
    State       16
       16         19.06419   0.0000000      1     0.87559     0.00000     0.00000     0.87559     0.00000
       16         19.06419   0.0000000      2     0.12441    -0.00000     0.00000     0.12348    -0.00000     0.00093
    State       17
       17         19.06419   0.0000000      1     0.87559     0.00000     0.00000     0.87559     0.00000
       17         19.06419   0.0000000      2     0.12441    -0.00000     0.00000     0.12348    -0.00000     0.00093
    State       18
       18         21.89664   0.0000000      1     0.97642    -0.00000     0.99291    -0.00000    -0.01649
       18         21.89664   0.0000000      2     0.02358     0.00000     0.00910     0.00000     0.01448     0.00000
    State       19
       19         21.89664   0.0000000      1     0.97642    -0.00000     0.99291    -0.00000    -0.01649
       19         21.89664   0.0000000      2     0.02358    -0.00000     0.00910     0.00000     0.01448    -0.00000
    State       20
       20         21.89664   0.0000000      1     0.97642     0.00000     0.99291    -0.00000    -0.01649
       20         21.89664   0.0000000      2     0.02358    -0.00000     0.00910     0.00000     0.01448     0.00000
    State       21
       21         36.38670   0.0000000      1     1.04930     0.00000    -0.01662    -0.00000     1.06592
       21         36.38670   0.0000000      2    -0.04930     0.00000    -0.05616     0.00000     0.00686     0.00000
k point number:     2: (   0.00000000   0.00000000   0.00000000 )
    State       eigenvalue  occ.number atom       total
    State        1
        1      -1248.61556   2.0000000      1     1.00000     1.00000     0.00000     0.00000    -0.00000
        1      -1248.61556   2.0000000      2    -0.00000    -0.00000     0.00000    -0.00000    -0.00000    -0.00000
    State        2
        2       -503.33692   2.0000000      1     0.00027     0.00027    -0.00000     0.00000     0.00000
        2       -503.33692   2.0000000      2     0.99973     0.99973     0.00000     0.00000    -0.00000    -0.00000
    State        3
        3        -73.94584   2.0000000      1     1.00016     1.00016    -0.00000     0.00000     0.00000
        3        -73.94584   2.0000000      2    -0.00016    -0.00019    -0.00000    -0.00000    -0.00000     0.00003
    State        4
        4        -41.19976   2.0000000      1     0.99979    -0.00000     0.99972    -0.00000     0.00007
        4        -41.19976   2.0000000      2     0.00021     0.00000     0.00007    -0.00000     0.00014     0.00000
    State        5
        5        -41.19976   2.0000000      1     0.99979    -0.00000     0.99972     0.00000     0.00007
        5        -41.19976   2.0000000      2     0.00021     0.00000     0.00007    -0.00000     0.00014     0.00000
    State        6
        6        -41.19976   2.0000000      1     0.99979     0.00000     0.99972     0.00000     0.00007
        6        -41.19976   2.0000000      2     0.00021    -0.00000     0.00007    -0.00000     0.00014     0.00000
    State        7
        7        -19.50837   2.0000000      1     0.19892     0.19892     0.00000     0.00000    -0.00000
        7        -19.50837   2.0000000      2     0.80108     0.80111     0.00000     0.00000    -0.00000    -0.00003
    State        8
        8         -2.35266   2.0000000      1     0.10309    -0.00000     0.02643    -0.00000     0.07666
        8         -2.35266   2.0000000      2     0.89691     0.00000     0.89687    -0.00000     0.00004     0.00000
    State        9
        9         -2.35266   2.0000000      1     0.10309    -0.00000     0.02643    -0.00000     0.07666
        9         -2.35266   2.0000000      2     0.89691     0.00000     0.89687     0.00000     0.00004    -0.00000
    State       10
       10         -2.35266   2.0000000      1     0.10309    -0.00000     0.02643    -0.00000     0.07666
       10         -2.35266   2.0000000      2     0.89691     0.00000     0.89687    -0.00000     0.00004    -0.00000
    State       11
       11          2.35266   0.0000000      1     1.15815     1.15815    -0.00000     0.00000     0.00000
       11          2.35266   0.0000000      2    -0.15815    -0.15826    -0.00000    -0.00000    -0.00000     0.00011
    State       12
       12         13.31333   0.0000000      1     0.83701     0.00000     0.00000     0.83701    -0.00000
       12         13.31333   0.0000000      2     0.16299     0.00000     0.00000     0.16293    -0.00000     0.00006
    State       13
       13         13.31333   0.0000000      1     0.83701    -0.00000     0.00000     0.83701     0.00000
       13         13.31333   0.0000000      2     0.16299    -0.00000     0.00000     0.16293    -0.00000     0.00006
    State       14
       14         13.31333   0.0000000      1     0.83701     0.00000     0.00000     0.83701    -0.00000
       14         13.31333   0.0000000      2     0.16299     0.00000     0.00000     0.16293    -0.00000     0.00006
    State       15
       15         17.13824   0.0000000      1     0.98646    -0.00000    -0.00000     0.00000     0.98646
       15         17.13824   0.0000000      2     0.01354     0.00000     0.00000    -0.00000     0.01354     0.00000
    State       16
       16         19.06419   0.0000000      1     0.87559     0.00000     0.00000     0.87559     0.00000
       16         19.06419   0.0000000      2     0.12441    -0.00000     0.00000     0.12348    -0.00000     0.00093
    State       17
       17         19.06419   0.0000000      1     0.87559     0.00000     0.00000     0.87559     0.00000
       17         19.06419   0.0000000      2     0.12441    -0.00000     0.00000     0.12348    -0.00000     0.00093
    State       18
       18         21.89664   0.0000000      1     0.97642    -0.00000     0.99291    -0.00000    -0.01649
       18         21.89664   0.0000000      2     0.02358     0.00000     0.00910     0.00000     0.01448     0.00000
    State       19
       19         21.89664   0.0000000      1     0.97642    -0.00000     0.99291    -0.00000    -0.01649
       19         21.89664   0.0000000      2     0.02358    -0.00000     0.00910     0.00000     0.01448    -0.00000
    State       20
       20         21.89664   0.0000000      1     0.97642     0.00000     0.99291    -0.00000    -0.01649
       20         21.89664   0.0000000      2     0.02358    -0.00000     0.00910     0.00000     0.01448     0.00000
    State       21
       21         36.38670   0.0000000      1     1.04930     0.00000    -0.01662    -0.00000     1.06592
       21         36.38670   0.0000000      2    -0.04930     0.00000    -0.05616     0.00000     0.00686     0.00000
