k point number:     1: (   0.00000000   0.75000000   0.87500000 )
    State       eigenvalue  occ.number atom       total
    State        1
        1      -1248.61556   2.0000000      1     1.00001     1.00000     0.00000     0.00000     0.00000
        1      -1248.61556   2.0000000      2    -0.00001     0.00000    -0.00001    -0.00000    -0.00000    -0.00000
    State        2
        2       -503.33692   2.0000000      1     0.00024     0.00013     0.00007     0.00002     0.00002
        2       -503.33692   2.0000000      2     0.99976     0.99977    -0.00001     0.00000    -0.00000    -0.00000
    State        3
        3        -73.94138   2.0000000      1     0.99986     1.00019     0.00026    -0.00051    -0.00008
        3        -73.94138   2.0000000      2     0.00014    -0.00006     0.00009     0.00008     0.00002     0.00002
    State        4
        4        -41.23532   2.0000000      1     0.99869    -0.00182     1.00008     0.00033     0.00010
        4        -41.23532   2.0000000      2     0.00131     0.00031     0.00060     0.00031     0.00006     0.00002
    State        5
        5        -41.20850   2.0000000      1     0.99963    -0.00000     0.99960    -0.00003     0.00006
        5        -41.20850   2.0000000      2     0.00037     0.00000     0.00005     0.00022     0.00010     0.00001
    State        6
        6        -41.20680   2.0000000      1     0.99940    -0.00002     0.99942    -0.00005     0.00004
        6        -41.20680   2.0000000      2     0.00060     0.00001     0.00010     0.00041     0.00008     0.00001
    State        7
        7        -18.93626   2.0000000      1     0.17092     0.00227     0.14687     0.01152     0.01026
        7        -18.93626   2.0000000      2     0.82908     0.81148     0.01710     0.00052     0.00000    -0.00002
    State        8
        8         -4.63965   2.0000000      1     0.29316     0.22426    -0.01800     0.02372     0.06319
        8         -4.63965   2.0000000      2     0.70684     0.01770     0.68848     0.00063     0.00002     0.00001
    State        9
        9         -2.84532   2.0000000      1     0.12670     0.00145     0.04003     0.03155     0.05367
        9         -2.84532   2.0000000      2     0.87330    -0.00003     0.87124     0.00208     0.00002    -0.00000
    State       10
       10         -2.83871   2.0000000      1     0.12685     0.00000     0.04083     0.02667     0.05935
       10         -2.83871   2.0000000      2     0.87315    -0.00000     0.87190     0.00118     0.00007     0.00000
    State       11
       11          4.84855   0.0000000      1     1.07314     0.56408     0.42073     0.08106     0.00727
       11          4.84855   0.0000000      2    -0.07314    -0.13092     0.05362     0.00404     0.00006     0.00006
    State       12
       12          9.74731   0.0000000      1     0.87586     0.01502     0.04222     0.64648     0.17213
       12          9.74731   0.0000000      2     0.12414    -0.00076     0.02922     0.09411     0.00155     0.00001
    State       13
       13         13.93763   0.0000000      1     0.85231     0.10431     0.31841     0.33664     0.09295
       13         13.93763   0.0000000      2     0.14769     0.00151     0.01799     0.12607     0.00203     0.00009
    State       14
       14         14.36657   0.0000000      1     0.84447     0.00000     0.28813     0.44950     0.10684
       14         14.36657   0.0000000      2     0.15553     0.00000     0.02791     0.12574     0.00185     0.00002
    State       15
       15         15.62734   0.0000000      1     0.87220    -0.01210     0.40343     0.47099     0.00988
       15         15.62734   0.0000000      2     0.12780    -0.00065     0.00711     0.11732     0.00386     0.00016
    State       16
       16         19.47365   0.0000000      1     0.86975     0.00000     0.11972     0.71221     0.03782
       16         19.47365   0.0000000      2     0.13025    -0.00000     0.00193     0.12498     0.00297     0.00036
    State       17
       17         21.76909   0.0000000      1     0.95020     0.09148     0.48963     0.13701     0.23208
       17         21.76909   0.0000000      2     0.04980     0.00089     0.01637     0.01926     0.01292     0.00035
    State       18
       18         24.76117   0.0000000      1     0.96150    -0.00000     0.54493     0.41200     0.00457
       18         24.76117   0.0000000      2     0.03850    -0.00000     0.00179     0.02482     0.01133     0.00057
    State       19
       19         25.22890   0.0000000      1     0.94880     0.06569     0.05907     0.30565     0.51839
       19         25.22890   0.0000000      2     0.05120     0.00043     0.00232     0.03341     0.01391     0.00114
    State       20
       20         25.88173   0.0000000      1     1.01216    -0.00042     0.27956     0.68320     0.04983
       20         25.88173   0.0000000      2    -0.01216    -0.01989    -0.00660     0.00657     0.00680     0.00096
    State       21
       21         32.89762   0.0000000      1     0.97892     0.02907     0.08335    -0.03378     0.90028
       21         32.89762   0.0000000      2     0.02108    -0.12269    -0.04214     0.18146     0.00421     0.00024
k point number:     2: (   0.00000000   0.75000000   0.87500000 )
    State       eigenvalue  occ.number atom       total
    State        1
        1      -1248.61556   2.0000000      1     1.00001     1.00000     0.00000     0.00000     0.00000
        1      -1248.61556   2.0000000      2    -0.00001     0.00000    -0.00001    -0.00000    -0.00000    -0.00000
    State        2
        2       -503.33692   2.0000000      1     0.00024     0.00013     0.00007     0.00002     0.00002
        2       -503.33692   2.0000000      2     0.99976     0.99977    -0.00001     0.00000    -0.00000    -0.00000
    State        3
        3        -73.94138   2.0000000      1     0.99986     1.00019     0.00026    -0.00051    -0.00008
        3        -73.94138   2.0000000      2     0.00014    -0.00006     0.00009     0.00008     0.00002     0.00002
    State        4
        4        -41.23532   2.0000000      1     0.99869    -0.00182     1.00008     0.00033     0.00010
        4        -41.23532   2.0000000      2     0.00131     0.00031     0.00060     0.00031     0.00006     0.00002
    State        5
        5        -41.20850   2.0000000      1     0.99963    -0.00000     0.99960    -0.00003     0.00006
        5        -41.20850   2.0000000      2     0.00037     0.00000     0.00005     0.00022     0.00010     0.00001
    State        6
        6        -41.20680   2.0000000      1     0.99940    -0.00002     0.99942    -0.00005     0.00004
        6        -41.20680   2.0000000      2     0.00060     0.00001     0.00010     0.00041     0.00008     0.00001
    State        7
        7        -18.93626   2.0000000      1     0.17092     0.00227     0.14687     0.01152     0.01026
        7        -18.93626   2.0000000      2     0.82908     0.81148     0.01710     0.00052     0.00000    -0.00002
    State        8
        8         -4.63965   2.0000000      1     0.29316     0.22426    -0.01800     0.02372     0.06319
        8         -4.63965   2.0000000      2     0.70684     0.01770     0.68848     0.00063     0.00002     0.00001
    State        9
        9         -2.84532   2.0000000      1     0.12670     0.00145     0.04003     0.03155     0.05367
        9         -2.84532   2.0000000      2     0.87330    -0.00003     0.87124     0.00208     0.00002    -0.00000
    State       10
       10         -2.83871   2.0000000      1     0.12685     0.00000     0.04083     0.02667     0.05935
       10         -2.83871   2.0000000      2     0.87315    -0.00000     0.87190     0.00118     0.00007     0.00000
    State       11
       11          4.84855   0.0000000      1     1.07314     0.56408     0.42073     0.08106     0.00727
       11          4.84855   0.0000000      2    -0.07314    -0.13092     0.05362     0.00404     0.00006     0.00006
    State       12
       12          9.74731   0.0000000      1     0.87586     0.01502     0.04222     0.64648     0.17213
       12          9.74731   0.0000000      2     0.12414    -0.00076     0.02922     0.09411     0.00155     0.00001
    State       13
       13         13.93763   0.0000000      1     0.85231     0.10431     0.31841     0.33664     0.09295
       13         13.93763   0.0000000      2     0.14769     0.00151     0.01799     0.12607     0.00203     0.00009
    State       14
       14         14.36657   0.0000000      1     0.84447     0.00000     0.28813     0.44950     0.10684
       14         14.36657   0.0000000      2     0.15553     0.00000     0.02791     0.12574     0.00185     0.00002
    State       15
       15         15.62734   0.0000000      1     0.87220    -0.01210     0.40343     0.47099     0.00988
       15         15.62734   0.0000000      2     0.12780    -0.00065     0.00711     0.11732     0.00386     0.00016
    State       16
       16         19.47365   0.0000000      1     0.86975     0.00000     0.11972     0.71221     0.03782
       16         19.47365   0.0000000      2     0.13025    -0.00000     0.00193     0.12498     0.00297     0.00036
    State       17
       17         21.76909   0.0000000      1     0.95020     0.09148     0.48963     0.13701     0.23208
       17         21.76909   0.0000000      2     0.04980     0.00089     0.01637     0.01926     0.01292     0.00035
    State       18
       18         24.76117   0.0000000      1     0.96150    -0.00000     0.54493     0.41200     0.00457
       18         24.76117   0.0000000      2     0.03850    -0.00000     0.00179     0.02482     0.01133     0.00057
    State       19
       19         25.22890   0.0000000      1     0.94880     0.06569     0.05907     0.30565     0.51839
       19         25.22890   0.0000000      2     0.05120     0.00043     0.00232     0.03341     0.01391     0.00114
    State       20
       20         25.88173   0.0000000      1     1.01216    -0.00042     0.27956     0.68320     0.04983
       20         25.88173   0.0000000      2    -0.01216    -0.01989    -0.00660     0.00657     0.00680     0.00096
    State       21
       21         32.89762   0.0000000      1     0.97892     0.02907     0.08335    -0.03378     0.90028
       21         32.89762   0.0000000      2     0.02108    -0.12269    -0.04214     0.18146     0.00421     0.00024
