k point number:     1: (   0.87500000   0.87500000   0.00000000 )
    State       eigenvalue  occ.number atom       total
    State        1
        1      -1248.61556   2.0000000      1     1.00001     1.00000     0.00000    -0.00000     0.00000
        1      -1248.61556   2.0000000      2    -0.00001     0.00000    -0.00001    -0.00000    -0.00000    -0.00000
    State        2
        2       -503.33692   2.0000000      1     0.00025     0.00020     0.00004     0.00000     0.00001
        2       -503.33692   2.0000000      2     0.99975     0.99975    -0.00000     0.00000    -0.00000    -0.00000
    State        3
        3        -73.94402   2.0000000      1     0.99993     1.00004     0.00008    -0.00016    -0.00003
        3        -73.94402   2.0000000      2     0.00007    -0.00013     0.00015     0.00002     0.00001     0.00002
    State        4
        4        -41.21212   2.0000000      1     0.99901    -0.00117     1.00000     0.00018     0.00000
        4        -41.21212   2.0000000      2     0.00099     0.00015     0.00041     0.00034     0.00009     0.00001
    State        5
        5        -41.20409   2.0000000      1     0.99976    -0.00000     0.99972    -0.00004     0.00008
        5        -41.20409   2.0000000      2     0.00024     0.00000     0.00007     0.00004     0.00013     0.00000
    State        6
        6        -41.20409   2.0000000      1     0.99976     0.00000     0.99972    -0.00004     0.00008
        6        -41.20409   2.0000000      2     0.00024    -0.00000     0.00007     0.00004     0.00013     0.00000
    State        7
        7        -19.28281   2.0000000      1     0.18277     0.09462     0.08423     0.00105     0.00287
        7        -19.28281   2.0000000      2     0.81723     0.80392     0.01323     0.00011     0.00000    -0.00003
    State        8
        8         -3.39753   2.0000000      1     0.22513     0.19280    -0.04500     0.00471     0.07262
        8         -3.39753   2.0000000      2     0.77487     0.01010     0.76459     0.00015     0.00002     0.00001
    State        9
        9         -2.58768   2.0000000      1     0.11690     0.00000     0.03687     0.01030     0.06973
        9         -2.58768   2.0000000      2     0.88310    -0.00000     0.88193     0.00112     0.00004     0.00000
    State       10
       10         -2.58768   2.0000000      1     0.11690     0.00000     0.03687     0.01030     0.06973
       10         -2.58768   2.0000000      2     0.88310     0.00000     0.88193     0.00112     0.00004     0.00000
    State       11
       11          3.56384   0.0000000      1     1.08226     0.82394     0.22051     0.03851    -0.00071
       11          3.56384   0.0000000      2    -0.08226    -0.15026     0.06769     0.00020     0.00003     0.00008
    State       12
       12         11.08476   0.0000000      1     0.88072     0.00000     0.00000     0.71303     0.16770
       12         11.08476   0.0000000      2     0.11928    -0.00000     0.00000     0.11743     0.00181     0.00003
    State       13
       13         13.84122   0.0000000      1     0.83566     0.00000     0.11217     0.68586     0.03763
       13         13.84122   0.0000000      2     0.16434    -0.00000     0.02059     0.14271     0.00100     0.00003
    State       14
       14         13.84122   0.0000000      1     0.83566     0.00000     0.11217     0.68586     0.03763
       14         13.84122   0.0000000      2     0.16434    -0.00000     0.02059     0.14271     0.00100     0.00003
    State       15
       15         16.45789   0.0000000      1     0.88079     0.03211     0.49905     0.34686     0.00278
       15         16.45789   0.0000000      2     0.11921     0.00051    -0.00036     0.11472     0.00395     0.00039
    State       16
       16         19.54374   0.0000000      1     0.86278    -0.00000     0.00000     0.82999     0.03279
       16         19.54374   0.0000000      2     0.13722    -0.00000     0.00000     0.13630     0.00021     0.00071
    State       17
       17         20.50852   0.0000000      1     0.93976     0.00000     0.00000     0.11472     0.82503
       17         20.50852   0.0000000      2     0.06024    -0.00000     0.00000     0.04722     0.01279     0.00024
    State       18
       18         22.64053   0.0000000      1     0.97470    -0.00000     0.87597     0.10982    -0.01109
       18         22.64053   0.0000000      2     0.02530    -0.00000     0.00461     0.00628     0.01421     0.00020
    State       19
       19         22.64053   0.0000000      1     0.97470     0.00000     0.87597     0.10982    -0.01109
       19         22.64053   0.0000000      2     0.02530    -0.00000     0.00461     0.00628     0.01421     0.00020
    State       20
       20         24.17873   0.0000000      1     0.96728     0.06923     0.36690     0.57418    -0.04303
       20         24.17873   0.0000000      2     0.03272    -0.00124     0.01014     0.01503     0.00804     0.00075
    State       21
       21         35.20059   0.0000000      1     1.07749     0.03739    -0.01246    -0.04321     1.09578
       21         35.20059   0.0000000      2    -0.07749    -0.06970    -0.05498     0.03844     0.00858     0.00016
k point number:     2: (   0.87500000   0.87500000   0.00000000 )
    State       eigenvalue  occ.number atom       total
    State        1
        1      -1248.61556   2.0000000      1     1.00001     1.00000     0.00000    -0.00000     0.00000
        1      -1248.61556   2.0000000      2    -0.00001     0.00000    -0.00001    -0.00000    -0.00000    -0.00000
    State        2
        2       -503.33692   2.0000000      1     0.00025     0.00020     0.00004     0.00000     0.00001
        2       -503.33692   2.0000000      2     0.99975     0.99975    -0.00000     0.00000    -0.00000    -0.00000
    State        3
        3        -73.94402   2.0000000      1     0.99993     1.00004     0.00008    -0.00016    -0.00003
        3        -73.94402   2.0000000      2     0.00007    -0.00013     0.00015     0.00002     0.00001     0.00002
    State        4
        4        -41.21212   2.0000000      1     0.99901    -0.00117     1.00000     0.00018     0.00000
        4        -41.21212   2.0000000      2     0.00099     0.00015     0.00041     0.00034     0.00009     0.00001
    State        5
        5        -41.20409   2.0000000      1     0.99976    -0.00000     0.99972    -0.00004     0.00008
        5        -41.20409   2.0000000      2     0.00024     0.00000     0.00007     0.00004     0.00013     0.00000
    State        6
        6        -41.20409   2.0000000      1     0.99976     0.00000     0.99972    -0.00004     0.00008
        6        -41.20409   2.0000000      2     0.00024    -0.00000     0.00007     0.00004     0.00013     0.00000
    State        7
        7        -19.28281   2.0000000      1     0.18277     0.09462     0.08423     0.00105     0.00287
        7        -19.28281   2.0000000      2     0.81723     0.80392     0.01323     0.00011     0.00000    -0.00003
    State        8
        8         -3.39753   2.0000000      1     0.22513     0.19280    -0.04500     0.00471     0.07262
        8         -3.39753   2.0000000      2     0.77487     0.01010     0.76459     0.00015     0.00002     0.00001
    State        9
        9         -2.58768   2.0000000      1     0.11690     0.00000     0.03687     0.01030     0.06973
        9         -2.58768   2.0000000      2     0.88310    -0.00000     0.88193     0.00112     0.00004     0.00000
    State       10
       10         -2.58768   2.0000000      1     0.11690     0.00000     0.03687     0.01030     0.06973
       10         -2.58768   2.0000000      2     0.88310     0.00000     0.88193     0.00112     0.00004     0.00000
    State       11
       11          3.56384   0.0000000      1     1.08226     0.82394     0.22051     0.03851    -0.00071
       11          3.56384   0.0000000      2    -0.08226    -0.15026     0.06769     0.00020     0.00003     0.00008
    State       12
       12         11.08476   0.0000000      1     0.88072     0.00000     0.00000     0.71303     0.16770
       12         11.08476   0.0000000      2     0.11928    -0.00000     0.00000     0.11743     0.00181     0.00003
    State       13
       13         13.84122   0.0000000      1     0.83566     0.00000     0.11217     0.68586     0.03763
       13         13.84122   0.0000000      2     0.16434    -0.00000     0.02059     0.14271     0.00100     0.00003
    State       14
       14         13.84122   0.0000000      1     0.83566     0.00000     0.11217     0.68586     0.03763
       14         13.84122   0.0000000      2     0.16434    -0.00000     0.02059     0.14271     0.00100     0.00003
    State       15
       15         16.45789   0.0000000      1     0.88079     0.03211     0.49905     0.34686     0.00278
       15         16.45789   0.0000000      2     0.11921     0.00051    -0.00036     0.11472     0.00395     0.00039
    State       16
       16         19.54374   0.0000000      1     0.86278    -0.00000     0.00000     0.82999     0.03279
       16         19.54374   0.0000000      2     0.13722    -0.00000     0.00000     0.13630     0.00021     0.00071
    State       17
       17         20.50852   0.0000000      1     0.93976     0.00000     0.00000     0.11472     0.82503
       17         20.50852   0.0000000      2     0.06024    -0.00000     0.00000     0.04722     0.01279     0.00024
    State       18
       18         22.64053   0.0000000      1     0.97470    -0.00000     0.87597     0.10982    -0.01109
       18         22.64053   0.0000000      2     0.02530    -0.00000     0.00461     0.00628     0.01421     0.00020
    State       19
       19         22.64053   0.0000000      1     0.97470     0.00000     0.87597     0.10982    -0.01109
       19         22.64053   0.0000000      2     0.02530    -0.00000     0.00461     0.00628     0.01421     0.00020
    State       20
       20         24.17873   0.0000000      1     0.96728     0.06923     0.36690     0.57418    -0.04303
       20         24.17873   0.0000000      2     0.03272    -0.00124     0.01014     0.01503     0.00804     0.00075
    State       21
       21         35.20059   0.0000000      1     1.07749     0.03739    -0.01246    -0.04321     1.09578
       21         35.20059   0.0000000      2    -0.07749    -0.06970    -0.05498     0.03844     0.00858     0.00016
