k point number:     1: (   0.00000000   0.00000000   0.00000000 )
    State       eigenvalue  occ.number atom       total
    State        1
        1      -1776.57180   2.0000000      1     0.50002     0.50002    -0.00000    -0.00000    -0.00000    -0.00000
        1      -1776.57180   2.0000000      2     0.49998     0.49998    -0.00000    -0.00000    -0.00000    -0.00000
    State        2
        2      -1776.57180   2.0000000      1     0.49998     0.49998     0.00000    -0.00000    -0.00000     0.00000
        2      -1776.57180   2.0000000      2     0.50002     0.50002     0.00000    -0.00000    -0.00000     0.00000
    State        3
        3       -133.16446   2.0000000      1     0.50000     0.49992    -0.00000     0.00000     0.00006     0.00002
        3       -133.16446   2.0000000      2     0.50000     0.49992    -0.00000     0.00000     0.00006     0.00002
    State        4
        4       -133.15678   2.0000000      1     0.50000     0.50008    -0.00000    -0.00000    -0.00007    -0.00002
        4       -133.15678   2.0000000      2     0.50000     0.50008    -0.00000    -0.00000    -0.00007    -0.00002
    State        5
        5        -89.99554   2.0000000      1     0.50000    -0.00000     0.49998     0.00002     0.00001    -0.00001
        5        -89.99554   2.0000000      2     0.50000    -0.00000     0.49998     0.00002     0.00001    -0.00001
    State        6
        6        -89.99554   2.0000000      1     0.50000    -0.00000     0.49998     0.00002     0.00001    -0.00001
        6        -89.99554   2.0000000      2     0.50000    -0.00000     0.49998     0.00002     0.00001    -0.00001
    State        7
        7        -89.99554   2.0000000      1     0.50000     0.00000     0.49998     0.00002     0.00001    -0.00001
        7        -89.99554   2.0000000      2     0.50000     0.00000     0.49998     0.00002     0.00001    -0.00001
    State        8
        8        -89.97917   2.0000000      1     0.50000    -0.00000     0.50004    -0.00004    -0.00001     0.00001
        8        -89.97917   2.0000000      2     0.50000    -0.00000     0.50004    -0.00004    -0.00001     0.00001
    State        9
        9        -89.97917   2.0000000      1     0.50000    -0.00000     0.50004    -0.00004    -0.00001     0.00001
        9        -89.97917   2.0000000      2     0.50000    -0.00000     0.50004    -0.00004    -0.00001     0.00001
    State       10
       10        -89.97917   2.0000000      1     0.50000    -0.00000     0.50004    -0.00004    -0.00001     0.00001
       10        -89.97917   2.0000000      2     0.50000    -0.00000     0.50004    -0.00004    -0.00001     0.00001
    State       11
       11        -12.14219   2.0000000      1     0.50000     0.49708     0.00000     0.00000     0.00267     0.00025
       11        -12.14219   2.0000000      2     0.50000     0.49708     0.00000     0.00000     0.00267     0.00025
    State       12
       12         -0.24343   2.0000000      1     0.50000     0.00000     0.41049     0.09017     0.00014    -0.00080
       12         -0.24343   2.0000000      2     0.50000     0.00000     0.41049     0.09017     0.00014    -0.00080
    State       13
       13         -0.24343   2.0000000      1     0.50000     0.00000     0.41049     0.09017     0.00014    -0.00080
       13         -0.24343   2.0000000      2     0.50000     0.00000     0.41049     0.09017     0.00014    -0.00080
    State       14
       14         -0.24343   2.0000000      1     0.50000     0.00000     0.41049     0.09017     0.00014    -0.00080
       14         -0.24343   2.0000000      2     0.50000     0.00000     0.41049     0.09017     0.00014    -0.00080
    State       15
       15          2.26568   0.0000000      1     0.50000     0.00000     0.37191     0.11084     0.01168     0.00558
       15          2.26568   0.0000000      2     0.50000     0.00000     0.37191     0.11084     0.01168     0.00558
    State       16
       16          2.26568   0.0000000      1     0.50000     0.00000     0.37191     0.11084     0.01168     0.00558
       16          2.26568   0.0000000      2     0.50000     0.00000     0.37191     0.11084     0.01168     0.00558
    State       17
       17          2.26568   0.0000000      1     0.50000     0.00000     0.37191     0.11084     0.01168     0.00558
       17          2.26568   0.0000000      2     0.50000     0.00000     0.37191     0.11084     0.01168     0.00558
    State       18
       18          2.80841   0.0000000      1     0.50000     0.47457     0.00000     0.00000     0.02551    -0.00008
       18          2.80841   0.0000000      2     0.50000     0.47457     0.00000     0.00000     0.02551    -0.00008
    State       19
       19          7.64372   0.0000000      1     0.50000     0.00000     0.00000     0.48550     0.00000     0.01450
       19          7.64372   0.0000000      2     0.50000     0.00000     0.00000     0.48550     0.00000     0.01450
    State       20
       20          7.64372   0.0000000      1     0.50000     0.00000     0.00000     0.48550     0.00000     0.01450
       20          7.64372   0.0000000      2     0.50000     0.00000     0.00000     0.48550     0.00000     0.01450
    State       21
       21          7.74039   0.0000000      1     0.50000     0.37842     0.00000     0.00000     0.12277    -0.00119
       21          7.74039   0.0000000      2     0.50000     0.37842     0.00000     0.00000     0.12277    -0.00119
    State       22
       22         11.70216   0.0000000      1     0.50000     0.00000     0.06026     0.21286     0.22503     0.00185
       22         11.70216   0.0000000      2     0.50000     0.00000     0.06026     0.21286     0.22503     0.00185
    State       23
       23         11.70216   0.0000000      1     0.50000     0.00000     0.06026     0.21286     0.22503     0.00185
       23         11.70216   0.0000000      2     0.50000     0.00000     0.06026     0.21286     0.22503     0.00185
    State       24
       24         11.70216   0.0000000      1     0.50000     0.00000     0.06026     0.21286     0.22503     0.00185
       24         11.70216   0.0000000      2     0.50000     0.00000     0.06026     0.21286     0.22503     0.00185
    State       25
       25         16.74716   0.0000000      1     0.50000     0.29125     0.00000     0.00000    -0.02770     0.23645
       25         16.74716   0.0000000      2     0.50000     0.29125     0.00000     0.00000    -0.02770     0.23645
k point number:     2: (   0.00000000   0.00000000   0.00000000 )
    State       eigenvalue  occ.number atom       total
    State        1
        1      -1776.57180   2.0000000      1     0.50002     0.50002    -0.00000    -0.00000    -0.00000    -0.00000
        1      -1776.57180   2.0000000      2     0.49998     0.49998    -0.00000    -0.00000    -0.00000    -0.00000
    State        2
        2      -1776.57180   2.0000000      1     0.49998     0.49998     0.00000    -0.00000    -0.00000     0.00000
        2      -1776.57180   2.0000000      2     0.50002     0.50002     0.00000    -0.00000    -0.00000     0.00000
    State        3
        3       -133.16446   2.0000000      1     0.50000     0.49992    -0.00000     0.00000     0.00006     0.00002
        3       -133.16446   2.0000000      2     0.50000     0.49992    -0.00000     0.00000     0.00006     0.00002
    State        4
        4       -133.15678   2.0000000      1     0.50000     0.50008    -0.00000    -0.00000    -0.00007    -0.00002
        4       -133.15678   2.0000000      2     0.50000     0.50008    -0.00000    -0.00000    -0.00007    -0.00002
    State        5
        5        -89.99554   2.0000000      1     0.50000    -0.00000     0.49998     0.00002     0.00001    -0.00001
        5        -89.99554   2.0000000      2     0.50000    -0.00000     0.49998     0.00002     0.00001    -0.00001
    State        6
        6        -89.99554   2.0000000      1     0.50000    -0.00000     0.49998     0.00002     0.00001    -0.00001
        6        -89.99554   2.0000000      2     0.50000    -0.00000     0.49998     0.00002     0.00001    -0.00001
    State        7
        7        -89.99554   2.0000000      1     0.50000     0.00000     0.49998     0.00002     0.00001    -0.00001
        7        -89.99554   2.0000000      2     0.50000     0.00000     0.49998     0.00002     0.00001    -0.00001
    State        8
        8        -89.97917   2.0000000      1     0.50000    -0.00000     0.50004    -0.00004    -0.00001     0.00001
        8        -89.97917   2.0000000      2     0.50000    -0.00000     0.50004    -0.00004    -0.00001     0.00001
    State        9
        9        -89.97917   2.0000000      1     0.50000    -0.00000     0.50004    -0.00004    -0.00001     0.00001
        9        -89.97917   2.0000000      2     0.50000    -0.00000     0.50004    -0.00004    -0.00001     0.00001
    State       10
       10        -89.97917   2.0000000      1     0.50000    -0.00000     0.50004    -0.00004    -0.00001     0.00001
       10        -89.97917   2.0000000      2     0.50000    -0.00000     0.50004    -0.00004    -0.00001     0.00001
    State       11
       11        -12.14219   2.0000000      1     0.50000     0.49708     0.00000     0.00000     0.00267     0.00025
       11        -12.14219   2.0000000      2     0.50000     0.49708     0.00000     0.00000     0.00267     0.00025
    State       12
       12         -0.24343   2.0000000      1     0.50000     0.00000     0.41049     0.09017     0.00014    -0.00080
       12         -0.24343   2.0000000      2     0.50000     0.00000     0.41049     0.09017     0.00014    -0.00080
    State       13
       13         -0.24343   2.0000000      1     0.50000     0.00000     0.41049     0.09017     0.00014    -0.00080
       13         -0.24343   2.0000000      2     0.50000     0.00000     0.41049     0.09017     0.00014    -0.00080
    State       14
       14         -0.24343   2.0000000      1     0.50000     0.00000     0.41049     0.09017     0.00014    -0.00080
       14         -0.24343   2.0000000      2     0.50000     0.00000     0.41049     0.09017     0.00014    -0.00080
    State       15
       15          2.26568   0.0000000      1     0.50000     0.00000     0.37191     0.11084     0.01168     0.00558
       15          2.26568   0.0000000      2     0.50000     0.00000     0.37191     0.11084     0.01168     0.00558
    State       16
       16          2.26568   0.0000000      1     0.50000     0.00000     0.37191     0.11084     0.01168     0.00558
       16          2.26568   0.0000000      2     0.50000     0.00000     0.37191     0.11084     0.01168     0.00558
    State       17
       17          2.26568   0.0000000      1     0.50000     0.00000     0.37191     0.11084     0.01168     0.00558
       17          2.26568   0.0000000      2     0.50000     0.00000     0.37191     0.11084     0.01168     0.00558
    State       18
       18          2.80841   0.0000000      1     0.50000     0.47457     0.00000     0.00000     0.02551    -0.00008
       18          2.80841   0.0000000      2     0.50000     0.47457     0.00000     0.00000     0.02551    -0.00008
    State       19
       19          7.64372   0.0000000      1     0.50000     0.00000     0.00000     0.48550     0.00000     0.01450
       19          7.64372   0.0000000      2     0.50000     0.00000     0.00000     0.48550     0.00000     0.01450
    State       20
       20          7.64372   0.0000000      1     0.50000     0.00000     0.00000     0.48550     0.00000     0.01450
       20          7.64372   0.0000000      2     0.50000     0.00000     0.00000     0.48550     0.00000     0.01450
    State       21
       21          7.74039   0.0000000      1     0.50000     0.37842     0.00000     0.00000     0.12277    -0.00119
       21          7.74039   0.0000000      2     0.50000     0.37842     0.00000     0.00000     0.12277    -0.00119
    State       22
       22         11.70216   0.0000000      1     0.50000     0.00000     0.06026     0.21286     0.22503     0.00185
       22         11.70216   0.0000000      2     0.50000     0.00000     0.06026     0.21286     0.22503     0.00185
    State       23
       23         11.70216   0.0000000      1     0.50000     0.00000     0.06026     0.21286     0.22503     0.00185
       23         11.70216   0.0000000      2     0.50000     0.00000     0.06026     0.21286     0.22503     0.00185
    State       24
       24         11.70216   0.0000000      1     0.50000     0.00000     0.06026     0.21286     0.22503     0.00185
       24         11.70216   0.0000000      2     0.50000     0.00000     0.06026     0.21286     0.22503     0.00185
    State       25
       25         16.74716   0.0000000      1     0.50000     0.29125     0.00000     0.00000    -0.02770     0.23645
       25         16.74716   0.0000000      2     0.50000     0.29125     0.00000     0.00000    -0.02770     0.23645
