k point number:     1: (   0.00000000   0.20000000   0.20000000 )
    State       eigenvalue  occ.number atom       total
    State        1
        1      -1776.57180   2.0000000      1     0.50005     0.50005    -0.00000    -0.00000    -0.00000    -0.00000
        1      -1776.57180   2.0000000      2     0.49995     0.49995    -0.00000    -0.00000    -0.00000    -0.00000
    State        2
        2      -1776.57180   2.0000000      1     0.49995     0.49995     0.00000     0.00000    -0.00000    -0.00000
        2      -1776.57180   2.0000000      2     0.50005     0.50005     0.00000     0.00000    -0.00000    -0.00000
    State        3
        3       -133.16372   2.0000000      1     0.50000     0.49995    -0.00001    -0.00000     0.00005     0.00002
        3       -133.16372   2.0000000      2     0.50000     0.49995    -0.00001    -0.00000     0.00005     0.00002
    State        4
        4       -133.15751   2.0000000      1     0.50000     0.50008    -0.00001    -0.00000    -0.00005    -0.00001
        4       -133.15751   2.0000000      2     0.50000     0.50008    -0.00001    -0.00000    -0.00005    -0.00001
    State        5
        5        -89.99644   2.0000000      1     0.50000    -0.00000     0.49997     0.00002     0.00001     0.00001
        5        -89.99644   2.0000000      2     0.50000    -0.00000     0.49997     0.00002     0.00001     0.00001
    State        6
        6        -89.99644   2.0000000      1     0.50000    -0.00000     0.49997     0.00002     0.00001     0.00001
        6        -89.99644   2.0000000      2     0.50000    -0.00000     0.49997     0.00002     0.00001     0.00001
    State        7
        7        -89.99397   2.0000000      1     0.50000    -0.00006     0.50003     0.00003     0.00001    -0.00000
        7        -89.99397   2.0000000      2     0.50000    -0.00006     0.50003     0.00003     0.00001    -0.00000
    State        8
        8        -89.98074   2.0000000      1     0.50000    -0.00012     0.50015    -0.00003    -0.00000     0.00000
        8        -89.98074   2.0000000      2     0.50000    -0.00012     0.50015    -0.00003    -0.00000     0.00000
    State        9
        9        -89.97828   2.0000000      1     0.50000    -0.00000     0.50006    -0.00005    -0.00001    -0.00001
        9        -89.97828   2.0000000      2     0.50000    -0.00000     0.50006    -0.00005    -0.00001    -0.00001
    State       10
       10        -89.97828   2.0000000      1     0.50000    -0.00000     0.50006    -0.00005    -0.00001    -0.00001
       10        -89.97828   2.0000000      2     0.50000    -0.00000     0.50006    -0.00005    -0.00001    -0.00001
    State       11
       11        -11.45312   2.0000000      1     0.50000     0.44584     0.04940     0.00175     0.00277     0.00024
       11        -11.45312   2.0000000      2     0.50000     0.44584     0.04940     0.00175     0.00277     0.00024
    State       12
       12         -2.89940   2.0000000      1     0.50000     0.20421     0.23721     0.05663     0.00142     0.00053
       12         -2.89940   2.0000000      2     0.50000     0.20421     0.23721     0.05663     0.00142     0.00053
    State       13
       13         -1.72482   2.0000000      1     0.50000     0.00000     0.44476     0.04929     0.00460     0.00135
       13         -1.72482   2.0000000      2     0.50000     0.00000     0.44476     0.04929     0.00460     0.00135
    State       14
       14         -1.72482   2.0000000      1     0.50000     0.00000     0.44476     0.04929     0.00460     0.00135
       14         -1.72482   2.0000000      2     0.50000     0.00000     0.44476     0.04929     0.00460     0.00135
    State       15
       15          1.13231   0.0000000      1     0.50000    -0.02089     0.38420     0.12177     0.01294     0.00198
       15          1.13231   0.0000000      2     0.50000    -0.02089     0.38420     0.12177     0.01294     0.00198
    State       16
       16          3.61275   0.0000000      1     0.50000     0.14244     0.14700     0.19084     0.01932     0.00039
       16          3.61275   0.0000000      2     0.50000     0.14244     0.14700     0.19084     0.01932     0.00039
    State       17
       17          4.56991   0.0000000      1     0.50000     0.00000     0.34307     0.13845     0.01639     0.00209
       17          4.56991   0.0000000      2     0.50000     0.00000     0.34307     0.13845     0.01639     0.00209
    State       18
       18          4.56991   0.0000000      1     0.50000     0.00000     0.34307     0.13845     0.01639     0.00209
       18          4.56991   0.0000000      2     0.50000     0.00000     0.34307     0.13845     0.01639     0.00209
    State       19
       19          6.81066   0.0000000      1     0.50000     0.14737     0.08052     0.22169     0.04294     0.00749
       19          6.81066   0.0000000      2     0.50000     0.14737     0.08052     0.22169     0.04294     0.00749
    State       20
       20          8.41722   0.0000000      1     0.50000     0.00000     0.00000     0.46466     0.02845     0.00689
       20          8.41722   0.0000000      2     0.50000     0.00000     0.00000     0.46466     0.02845     0.00689
    State       21
       21         10.07597   0.0000000      1     0.50000     0.02686     0.37394     0.00747     0.07987     0.01186
       21         10.07597   0.0000000      2     0.50000     0.02686     0.37394     0.00747     0.07987     0.01186
    State       22
       22         12.72823   0.0000000      1     0.50000     0.00000     0.06163     0.25033     0.16703     0.02101
       22         12.72823   0.0000000      2     0.50000     0.00000     0.06163     0.25033     0.16703     0.02101
    State       23
       23         12.72823   0.0000000      1     0.50000     0.00000     0.06163     0.25033     0.16703     0.02101
       23         12.72823   0.0000000      2     0.50000     0.00000     0.06163     0.25033     0.16703     0.02101
    State       24
       24         13.51017   0.0000000      1     0.50000     0.10395     0.00348     0.20457     0.13172     0.05627
       24         13.51017   0.0000000      2     0.50000     0.10395     0.00348     0.20457     0.13172     0.05627
    State       25
       25         18.86384   0.0000000      1     0.50000     0.00000     0.19134     0.11956     0.16068     0.02842
       25         18.86384   0.0000000      2     0.50000     0.00000     0.19134     0.11956     0.16068     0.02842
k point number:     2: (   0.00000000   0.20000000   0.20000000 )
    State       eigenvalue  occ.number atom       total
    State        1
        1      -1776.57180   2.0000000      1     0.50005     0.50005    -0.00000    -0.00000    -0.00000    -0.00000
        1      -1776.57180   2.0000000      2     0.49995     0.49995    -0.00000    -0.00000    -0.00000    -0.00000
    State        2
        2      -1776.57180   2.0000000      1     0.49995     0.49995     0.00000     0.00000    -0.00000    -0.00000
        2      -1776.57180   2.0000000      2     0.50005     0.50005     0.00000     0.00000    -0.00000    -0.00000
    State        3
        3       -133.16372   2.0000000      1     0.50000     0.49995    -0.00001    -0.00000     0.00005     0.00002
        3       -133.16372   2.0000000      2     0.50000     0.49995    -0.00001    -0.00000     0.00005     0.00002
    State        4
        4       -133.15751   2.0000000      1     0.50000     0.50008    -0.00001    -0.00000    -0.00005    -0.00001
        4       -133.15751   2.0000000      2     0.50000     0.50008    -0.00001    -0.00000    -0.00005    -0.00001
    State        5
        5        -89.99644   2.0000000      1     0.50000    -0.00000     0.49997     0.00002     0.00001     0.00001
        5        -89.99644   2.0000000      2     0.50000    -0.00000     0.49997     0.00002     0.00001     0.00001
    State        6
        6        -89.99644   2.0000000      1     0.50000    -0.00000     0.49997     0.00002     0.00001     0.00001
        6        -89.99644   2.0000000      2     0.50000    -0.00000     0.49997     0.00002     0.00001     0.00001
    State        7
        7        -89.99397   2.0000000      1     0.50000    -0.00006     0.50003     0.00003     0.00001    -0.00000
        7        -89.99397   2.0000000      2     0.50000    -0.00006     0.50003     0.00003     0.00001    -0.00000
    State        8
        8        -89.98074   2.0000000      1     0.50000    -0.00012     0.50015    -0.00003    -0.00000     0.00000
        8        -89.98074   2.0000000      2     0.50000    -0.00012     0.50015    -0.00003    -0.00000     0.00000
    State        9
        9        -89.97828   2.0000000      1     0.50000    -0.00000     0.50006    -0.00005    -0.00001    -0.00001
        9        -89.97828   2.0000000      2     0.50000    -0.00000     0.50006    -0.00005    -0.00001    -0.00001
    State       10
       10        -89.97828   2.0000000      1     0.50000    -0.00000     0.50006    -0.00005    -0.00001    -0.00001
       10        -89.97828   2.0000000      2     0.50000    -0.00000     0.50006    -0.00005    -0.00001    -0.00001
    State       11
       11        -11.45312   2.0000000      1     0.50000     0.44584     0.04940     0.00175     0.00277     0.00024
       11        -11.45312   2.0000000      2     0.50000     0.44584     0.04940     0.00175     0.00277     0.00024
    State       12
       12         -2.89940   2.0000000      1     0.50000     0.20421     0.23721     0.05663     0.00142     0.00053
       12         -2.89940   2.0000000      2     0.50000     0.20421     0.23721     0.05663     0.00142     0.00053
    State       13
       13         -1.72482   2.0000000      1     0.50000     0.00000     0.44476     0.04929     0.00460     0.00135
       13         -1.72482   2.0000000      2     0.50000     0.00000     0.44476     0.04929     0.00460     0.00135
    State       14
       14         -1.72482   2.0000000      1     0.50000     0.00000     0.44476     0.04929     0.00460     0.00135
       14         -1.72482   2.0000000      2     0.50000     0.00000     0.44476     0.04929     0.00460     0.00135
    State       15
       15          1.13231   0.0000000      1     0.50000    -0.02089     0.38420     0.12177     0.01294     0.00198
       15          1.13231   0.0000000      2     0.50000    -0.02089     0.38420     0.12177     0.01294     0.00198
    State       16
       16          3.61275   0.0000000      1     0.50000     0.14244     0.14700     0.19084     0.01932     0.00039
       16          3.61275   0.0000000      2     0.50000     0.14244     0.14700     0.19084     0.01932     0.00039
    State       17
       17          4.56991   0.0000000      1     0.50000     0.00000     0.34307     0.13845     0.01639     0.00209
       17          4.56991   0.0000000      2     0.50000     0.00000     0.34307     0.13845     0.01639     0.00209
    State       18
       18          4.56991   0.0000000      1     0.50000     0.00000     0.34307     0.13845     0.01639     0.00209
       18          4.56991   0.0000000      2     0.50000     0.00000     0.34307     0.13845     0.01639     0.00209
    State       19
       19          6.81066   0.0000000      1     0.50000     0.14737     0.08052     0.22169     0.04294     0.00749
       19          6.81066   0.0000000      2     0.50000     0.14737     0.08052     0.22169     0.04294     0.00749
    State       20
       20          8.41722   0.0000000      1     0.50000     0.00000     0.00000     0.46466     0.02845     0.00689
       20          8.41722   0.0000000      2     0.50000     0.00000     0.00000     0.46466     0.02845     0.00689
    State       21
       21         10.07597   0.0000000      1     0.50000     0.02686     0.37394     0.00747     0.07987     0.01186
       21         10.07597   0.0000000      2     0.50000     0.02686     0.37394     0.00747     0.07987     0.01186
    State       22
       22         12.72823   0.0000000      1     0.50000     0.00000     0.06163     0.25033     0.16703     0.02101
       22         12.72823   0.0000000      2     0.50000     0.00000     0.06163     0.25033     0.16703     0.02101
    State       23
       23         12.72823   0.0000000      1     0.50000     0.00000     0.06163     0.25033     0.16703     0.02101
       23         12.72823   0.0000000      2     0.50000     0.00000     0.06163     0.25033     0.16703     0.02101
    State       24
       24         13.51017   0.0000000      1     0.50000     0.10395     0.00348     0.20457     0.13172     0.05627
       24         13.51017   0.0000000      2     0.50000     0.10395     0.00348     0.20457     0.13172     0.05627
    State       25
       25         18.86384   0.0000000      1     0.50000     0.00000     0.19134     0.11956     0.16068     0.02842
       25         18.86384   0.0000000      2     0.50000     0.00000     0.19134     0.11956     0.16068     0.02842
