k point number:     1: (   0.60000000   0.80000000   0.00000000 )
    State       eigenvalue  occ.number atom       total
    State        1
        1      -1776.57180   2.0000000      1     0.50017     0.50017    -0.00000    -0.00000    -0.00000    -0.00000
        1      -1776.57180   2.0000000      2     0.49983     0.49983    -0.00000    -0.00000    -0.00000    -0.00000
    State        2
        2      -1776.57180   2.0000000      1     0.49983     0.49983     0.00000    -0.00000    -0.00000    -0.00000
        2      -1776.57180   2.0000000      2     0.50017     0.50017     0.00000    -0.00000    -0.00000    -0.00000
    State        3
        3       -133.16268   2.0000000      1     0.50000     0.49988     0.00008    -0.00001     0.00003     0.00001
        3       -133.16268   2.0000000      2     0.50000     0.49988     0.00008    -0.00001     0.00003     0.00001
    State        4
        4       -133.15855   2.0000000      1     0.50000     0.50003     0.00002    -0.00000    -0.00003    -0.00001
        4       -133.15855   2.0000000      2     0.50000     0.50003     0.00002    -0.00000    -0.00003    -0.00001
    State        5
        5        -89.99725   2.0000000      1     0.50000     0.00000     0.49995     0.00002     0.00000     0.00002
        5        -89.99725   2.0000000      2     0.50000     0.00000     0.49995     0.00002     0.00000     0.00002
    State        6
        6        -89.99708   2.0000000      1     0.50000     0.00000     0.49996     0.00002     0.00000     0.00002
        6        -89.99708   2.0000000      2     0.50000     0.00000     0.49996     0.00002     0.00000     0.00002
    State        7
        7        -89.99234   2.0000000      1     0.50000    -0.00014     0.50012     0.00001     0.00000     0.00001
        7        -89.99234   2.0000000      2     0.50000    -0.00014     0.50012     0.00001     0.00000     0.00001
    State        8
        8        -89.98239   2.0000000      1     0.50000    -0.00030     0.50033    -0.00002    -0.00000    -0.00001
        8        -89.98239   2.0000000      2     0.50000    -0.00030     0.50033    -0.00002    -0.00000    -0.00001
    State        9
        9        -89.97764   2.0000000      1     0.50000    -0.00000     0.50006    -0.00004    -0.00001    -0.00001
        9        -89.97764   2.0000000      2     0.50000    -0.00000     0.50006    -0.00004    -0.00001    -0.00001
    State       10
       10        -89.97747   2.0000000      1     0.50000    -0.00001     0.50007    -0.00004    -0.00001    -0.00002
       10        -89.97747   2.0000000      2     0.50000    -0.00001     0.50007    -0.00004    -0.00001    -0.00002
    State       11
       11        -10.32253   2.0000000      1     0.50000     0.39924     0.08870     0.00889     0.00292     0.00026
       11        -10.32253   2.0000000      2     0.50000     0.39924     0.08870     0.00889     0.00292     0.00026
    State       12
       12         -5.55303   2.0000000      1     0.50000     0.21517     0.25262     0.02942     0.00172     0.00107
       12         -5.55303   2.0000000      2     0.50000     0.21517     0.25262     0.02942     0.00172     0.00107
    State       13
       13         -2.87309   2.0000000      1     0.50000     0.03978     0.41210     0.04218     0.00517     0.00077
       13         -2.87309   2.0000000      2     0.50000     0.03978     0.41210     0.04218     0.00517     0.00077
    State       14
       14         -2.22863   2.0000000      1     0.50000     0.00000     0.46094     0.02976     0.00788     0.00141
       14         -2.22863   2.0000000      2     0.50000     0.00000     0.46094     0.02976     0.00788     0.00141
    State       15
       15          1.44903   0.0000000      1     0.50000     0.02116     0.31030     0.15855     0.00864     0.00135
       15          1.44903   0.0000000      2     0.50000     0.02116     0.31030     0.15855     0.00864     0.00135
    State       16
       16          3.79342   0.0000000      1     0.50000     0.05468     0.22879     0.19182     0.02358     0.00114
       16          3.79342   0.0000000      2     0.50000     0.05468     0.22879     0.19182     0.02358     0.00114
    State       17
       17          4.57674   0.0000000      1     0.50000     0.05603     0.27497     0.14579     0.02112     0.00210
       17          4.57674   0.0000000      2     0.50000     0.05603     0.27497     0.14579     0.02112     0.00210
    State       18
       18          5.15080   0.0000000      1     0.50000     0.00000     0.28255     0.19698     0.01622     0.00425
       18          5.15080   0.0000000      2     0.50000     0.00000     0.28255     0.19698     0.01622     0.00425
    State       19
       19         10.00789   0.0000000      1     0.50000     0.00000     0.04066     0.38784     0.06725     0.00425
       19         10.00789   0.0000000      2     0.50000     0.00000     0.04066     0.38784     0.06725     0.00425
    State       20
       20         10.14798   0.0000000      1     0.50000     0.05921     0.23115     0.15866     0.03865     0.01233
       20         10.14798   0.0000000      2     0.50000     0.05921     0.23115     0.15866     0.03865     0.01233
    State       21
       21         10.60540   0.0000000      1     0.50000     0.04146     0.22534     0.11444     0.10417     0.01459
       21         10.60540   0.0000000      2     0.50000     0.04146     0.22534     0.11444     0.10417     0.01459
    State       22
       22         12.58203   0.0000000      1     0.50000     0.00000     0.10092     0.32926     0.05825     0.01157
       22         12.58203   0.0000000      2     0.50000     0.00000     0.10092     0.32926     0.05825     0.01157
    State       23
       23         13.44425   0.0000000      1     0.50000     0.04942     0.21449     0.08215     0.12978     0.02416
       23         13.44425   0.0000000      2     0.50000     0.04942     0.21449     0.08215     0.12978     0.02416
    State       24
       24         14.90752   0.0000000      1     0.50000     0.02905     0.16403     0.22742     0.05985     0.01965
       24         14.90752   0.0000000      2     0.50000     0.02905     0.16403     0.22742     0.05985     0.01965
    State       25
       25         16.94463   0.0000000      1     0.50000     0.00000     0.06998     0.18054     0.20711     0.04237
       25         16.94463   0.0000000      2     0.50000     0.00000     0.06998     0.18054     0.20711     0.04237
k point number:     2: (   0.60000000   0.80000000   0.00000000 )
    State       eigenvalue  occ.number atom       total
    State        1
        1      -1776.57180   2.0000000      1     0.50017     0.50017    -0.00000    -0.00000    -0.00000    -0.00000
        1      -1776.57180   2.0000000      2     0.49983     0.49983    -0.00000    -0.00000    -0.00000    -0.00000
    State        2
        2      -1776.57180   2.0000000      1     0.49983     0.49983     0.00000    -0.00000    -0.00000    -0.00000
        2      -1776.57180   2.0000000      2     0.50017     0.50017     0.00000    -0.00000    -0.00000    -0.00000
    State        3
        3       -133.16268   2.0000000      1     0.50000     0.49988     0.00008    -0.00001     0.00003     0.00001
        3       -133.16268   2.0000000      2     0.50000     0.49988     0.00008    -0.00001     0.00003     0.00001
    State        4
        4       -133.15855   2.0000000      1     0.50000     0.50003     0.00002    -0.00000    -0.00003    -0.00001
        4       -133.15855   2.0000000      2     0.50000     0.50003     0.00002    -0.00000    -0.00003    -0.00001
    State        5
        5        -89.99725   2.0000000      1     0.50000     0.00000     0.49995     0.00002     0.00000     0.00002
        5        -89.99725   2.0000000      2     0.50000     0.00000     0.49995     0.00002     0.00000     0.00002
    State        6
        6        -89.99708   2.0000000      1     0.50000     0.00000     0.49996     0.00002     0.00000     0.00002
        6        -89.99708   2.0000000      2     0.50000     0.00000     0.49996     0.00002     0.00000     0.00002
    State        7
        7        -89.99234   2.0000000      1     0.50000    -0.00014     0.50012     0.00001     0.00000     0.00001
        7        -89.99234   2.0000000      2     0.50000    -0.00014     0.50012     0.00001     0.00000     0.00001
    State        8
        8        -89.98239   2.0000000      1     0.50000    -0.00030     0.50033    -0.00002    -0.00000    -0.00001
        8        -89.98239   2.0000000      2     0.50000    -0.00030     0.50033    -0.00002    -0.00000    -0.00001
    State        9
        9        -89.97764   2.0000000      1     0.50000    -0.00000     0.50006    -0.00004    -0.00001    -0.00001
        9        -89.97764   2.0000000      2     0.50000    -0.00000     0.50006    -0.00004    -0.00001    -0.00001
    State       10
       10        -89.97747   2.0000000      1     0.50000    -0.00001     0.50007    -0.00004    -0.00001    -0.00002
       10        -89.97747   2.0000000      2     0.50000    -0.00001     0.50007    -0.00004    -0.00001    -0.00002
    State       11
       11        -10.32253   2.0000000      1     0.50000     0.39924     0.08870     0.00889     0.00292     0.00026
       11        -10.32253   2.0000000      2     0.50000     0.39924     0.08870     0.00889     0.00292     0.00026
    State       12
       12         -5.55303   2.0000000      1     0.50000     0.21517     0.25262     0.02942     0.00172     0.00107
       12         -5.55303   2.0000000      2     0.50000     0.21517     0.25262     0.02942     0.00172     0.00107
    State       13
       13         -2.87309   2.0000000      1     0.50000     0.03978     0.41210     0.04218     0.00517     0.00077
       13         -2.87309   2.0000000      2     0.50000     0.03978     0.41210     0.04218     0.00517     0.00077
    State       14
       14         -2.22863   2.0000000      1     0.50000     0.00000     0.46094     0.02976     0.00788     0.00141
       14         -2.22863   2.0000000      2     0.50000     0.00000     0.46094     0.02976     0.00788     0.00141
    State       15
       15          1.44903   0.0000000      1     0.50000     0.02116     0.31030     0.15855     0.00864     0.00135
       15          1.44903   0.0000000      2     0.50000     0.02116     0.31030     0.15855     0.00864     0.00135
    State       16
       16          3.79342   0.0000000      1     0.50000     0.05468     0.22879     0.19182     0.02358     0.00114
       16          3.79342   0.0000000      2     0.50000     0.05468     0.22879     0.19182     0.02358     0.00114
    State       17
       17          4.57674   0.0000000      1     0.50000     0.05603     0.27497     0.14579     0.02112     0.00210
       17          4.57674   0.0000000      2     0.50000     0.05603     0.27497     0.14579     0.02112     0.00210
    State       18
       18          5.15080   0.0000000      1     0.50000     0.00000     0.28255     0.19698     0.01622     0.00425
       18          5.15080   0.0000000      2     0.50000     0.00000     0.28255     0.19698     0.01622     0.00425
    State       19
       19         10.00789   0.0000000      1     0.50000     0.00000     0.04066     0.38784     0.06725     0.00425
       19         10.00789   0.0000000      2     0.50000     0.00000     0.04066     0.38784     0.06725     0.00425
    State       20
       20         10.14798   0.0000000      1     0.50000     0.05921     0.23115     0.15866     0.03865     0.01233
       20         10.14798   0.0000000      2     0.50000     0.05921     0.23115     0.15866     0.03865     0.01233
    State       21
       21         10.60540   0.0000000      1     0.50000     0.04146     0.22534     0.11444     0.10417     0.01459
       21         10.60540   0.0000000      2     0.50000     0.04146     0.22534     0.11444     0.10417     0.01459
    State       22
       22         12.58203   0.0000000      1     0.50000     0.00000     0.10092     0.32926     0.05825     0.01157
       22         12.58203   0.0000000      2     0.50000     0.00000     0.10092     0.32926     0.05825     0.01157
    State       23
       23         13.44425   0.0000000      1     0.50000     0.04942     0.21449     0.08215     0.12978     0.02416
       23         13.44425   0.0000000      2     0.50000     0.04942     0.21449     0.08215     0.12978     0.02416
    State       24
       24         14.90752   0.0000000      1     0.50000     0.02905     0.16403     0.22742     0.05985     0.01965
       24         14.90752   0.0000000      2     0.50000     0.02905     0.16403     0.22742     0.05985     0.01965
    State       25
       25         16.94463   0.0000000      1     0.50000     0.00000     0.06998     0.18054     0.20711     0.04237
       25         16.94463   0.0000000      2     0.50000     0.00000     0.06998     0.18054     0.20711     0.04237
