k point number:     1: (   0.80000000   0.80000000   0.40000000 )
    State       eigenvalue  occ.number atom       total
    State        1
        1      -1776.57180   2.0000000      1     0.50008     0.50008    -0.00000    -0.00000    -0.00000    -0.00000
        1      -1776.57180   2.0000000      2     0.49992     0.49992    -0.00000    -0.00000    -0.00000    -0.00000
    State        2
        2      -1776.57180   2.0000000      1     0.49992     0.49992    -0.00000    -0.00000    -0.00000    -0.00000
        2      -1776.57180   2.0000000      2     0.50008     0.50008    -0.00000    -0.00000    -0.00000    -0.00000
    State        3
        3       -133.16210   2.0000000      1     0.50000     0.49975     0.00022    -0.00001     0.00002     0.00001
        3       -133.16210   2.0000000      2     0.50000     0.49975     0.00022    -0.00001     0.00002     0.00001
    State        4
        4       -133.15913   2.0000000      1     0.50000     0.49998     0.00005    -0.00000    -0.00002    -0.00000
        4       -133.15913   2.0000000      2     0.50000     0.49998     0.00005    -0.00000    -0.00002    -0.00000
    State        5
        5        -89.99771   2.0000000      1     0.50000     0.00001     0.49995     0.00001     0.00000     0.00003
        5        -89.99771   2.0000000      2     0.50000     0.00001     0.49995     0.00001     0.00000     0.00003
    State        6
        6        -89.99704   2.0000000      1     0.50000    -0.00000     0.49996     0.00002     0.00001     0.00002
        6        -89.99704   2.0000000      2     0.50000    -0.00000     0.49996     0.00002     0.00001     0.00002
    State        7
        7        -89.99178   2.0000000      1     0.50000    -0.00023     0.50021     0.00001    -0.00000     0.00002
        7        -89.99178   2.0000000      2     0.50000    -0.00023     0.50021     0.00001    -0.00000     0.00002
    State        8
        8        -89.98296   2.0000000      1     0.50000    -0.00043     0.50045    -0.00000    -0.00001    -0.00002
        8        -89.98296   2.0000000      2     0.50000    -0.00043     0.50045    -0.00000    -0.00001    -0.00002
    State        9
        9        -89.97768   2.0000000      1     0.50000    -0.00000     0.50005    -0.00004    -0.00001    -0.00000
        9        -89.97768   2.0000000      2     0.50000    -0.00000     0.50005    -0.00004    -0.00001    -0.00000
    State       10
       10        -89.97701   2.0000000      1     0.50000    -0.00000     0.50006    -0.00003    -0.00000    -0.00002
       10        -89.97701   2.0000000      2     0.50000    -0.00000     0.50006    -0.00003    -0.00000    -0.00002
    State       11
       11         -9.44645   2.0000000      1     0.50000     0.39685     0.07816     0.02105     0.00373     0.00021
       11         -9.44645   2.0000000      2     0.50000     0.39685     0.07816     0.02105     0.00373     0.00021
    State       12
       12         -6.93228   2.0000000      1     0.50000     0.20640     0.27966     0.01235     0.00053     0.00106
       12         -6.93228   2.0000000      2     0.50000     0.20640     0.27966     0.01235     0.00053     0.00106
    State       13
       13         -3.67853   2.0000000      1     0.50000     0.04768     0.41305     0.03433     0.00429     0.00064
       13         -3.67853   2.0000000      2     0.50000     0.04768     0.41305     0.03433     0.00429     0.00064
    State       14
       14         -1.94796   2.0000000      1     0.50000     0.00000     0.45890     0.03187     0.00785     0.00138
       14         -1.94796   2.0000000      2     0.50000     0.00000     0.45890     0.03187     0.00785     0.00138
    State       15
       15          1.72216   0.0000000      1     0.50000     0.06872     0.25779     0.16136     0.01095     0.00119
       15          1.72216   0.0000000      2     0.50000     0.06872     0.25779     0.16136     0.01095     0.00119
    State       16
       16          4.24874   0.0000000      1     0.50000     0.05599     0.26841     0.15210     0.02211     0.00138
       16          4.24874   0.0000000      2     0.50000     0.05599     0.26841     0.15210     0.02211     0.00138
    State       17
       17          4.53131   0.0000000      1     0.50000     0.00000     0.27620     0.20231     0.01530     0.00619
       17          4.53131   0.0000000      2     0.50000     0.00000     0.27620     0.20231     0.01530     0.00619
    State       18
       18          7.24826   0.0000000      1     0.50000     0.03265     0.22860     0.19811     0.03469     0.00594
       18          7.24826   0.0000000      2     0.50000     0.03265     0.22860     0.19811     0.03469     0.00594
    State       19
       19          8.02310   0.0000000      1     0.50000     0.03545     0.29740     0.11340     0.04775     0.00599
       19          8.02310   0.0000000      2     0.50000     0.03545     0.29740     0.11340     0.04775     0.00599
    State       20
       20          8.28885   0.0000000      1     0.50000     0.00000     0.09594     0.34950     0.04804     0.00652
       20          8.28885   0.0000000      2     0.50000     0.00000     0.09594     0.34950     0.04804     0.00652
    State       21
       21         11.76270   0.0000000      1     0.50000     0.08425     0.07560     0.14589     0.17622     0.01804
       21         11.76270   0.0000000      2     0.50000     0.08425     0.07560     0.14589     0.17622     0.01804
    State       22
       22         13.89769   0.0000000      1     0.50000     0.00000     0.07234     0.32608     0.08991     0.01168
       22         13.89769   0.0000000      2     0.50000     0.00000     0.07234     0.32608     0.08991     0.01168
    State       23
       23         14.27023   0.0000000      1     0.50000     0.00950     0.33087     0.09790     0.04868     0.01304
       23         14.27023   0.0000000      2     0.50000     0.00950     0.33087     0.09790     0.04868     0.01304
    State       24
       24         14.84135   0.0000000      1     0.50000     0.01697     0.16589     0.24104     0.06215     0.01395
       24         14.84135   0.0000000      2     0.50000     0.01697     0.16589     0.24104     0.06215     0.01395
    State       25
       25         17.39448   0.0000000      1     0.50000     0.02590     0.13845     0.19395     0.10490     0.03679
       25         17.39448   0.0000000      2     0.50000     0.02590     0.13845     0.19395     0.10490     0.03679
k point number:     2: (   0.80000000   0.80000000   0.40000000 )
    State       eigenvalue  occ.number atom       total
    State        1
        1      -1776.57180   2.0000000      1     0.50008     0.50008    -0.00000    -0.00000    -0.00000    -0.00000
        1      -1776.57180   2.0000000      2     0.49992     0.49992    -0.00000    -0.00000    -0.00000    -0.00000
    State        2
        2      -1776.57180   2.0000000      1     0.49992     0.49992    -0.00000    -0.00000    -0.00000    -0.00000
        2      -1776.57180   2.0000000      2     0.50008     0.50008    -0.00000    -0.00000    -0.00000    -0.00000
    State        3
        3       -133.16210   2.0000000      1     0.50000     0.49975     0.00022    -0.00001     0.00002     0.00001
        3       -133.16210   2.0000000      2     0.50000     0.49975     0.00022    -0.00001     0.00002     0.00001
    State        4
        4       -133.15913   2.0000000      1     0.50000     0.49998     0.00005    -0.00000    -0.00002    -0.00000
        4       -133.15913   2.0000000      2     0.50000     0.49998     0.00005    -0.00000    -0.00002    -0.00000
    State        5
        5        -89.99771   2.0000000      1     0.50000     0.00001     0.49995     0.00001     0.00000     0.00003
        5        -89.99771   2.0000000      2     0.50000     0.00001     0.49995     0.00001     0.00000     0.00003
    State        6
        6        -89.99704   2.0000000      1     0.50000    -0.00000     0.49996     0.00002     0.00001     0.00002
        6        -89.99704   2.0000000      2     0.50000    -0.00000     0.49996     0.00002     0.00001     0.00002
    State        7
        7        -89.99178   2.0000000      1     0.50000    -0.00023     0.50021     0.00001    -0.00000     0.00002
        7        -89.99178   2.0000000      2     0.50000    -0.00023     0.50021     0.00001    -0.00000     0.00002
    State        8
        8        -89.98296   2.0000000      1     0.50000    -0.00043     0.50045    -0.00000    -0.00001    -0.00002
        8        -89.98296   2.0000000      2     0.50000    -0.00043     0.50045    -0.00000    -0.00001    -0.00002
    State        9
        9        -89.97768   2.0000000      1     0.50000    -0.00000     0.50005    -0.00004    -0.00001    -0.00000
        9        -89.97768   2.0000000      2     0.50000    -0.00000     0.50005    -0.00004    -0.00001    -0.00000
    State       10
       10        -89.97701   2.0000000      1     0.50000    -0.00000     0.50006    -0.00003    -0.00000    -0.00002
       10        -89.97701   2.0000000      2     0.50000    -0.00000     0.50006    -0.00003    -0.00000    -0.00002
    State       11
       11         -9.44645   2.0000000      1     0.50000     0.39685     0.07816     0.02105     0.00373     0.00021
       11         -9.44645   2.0000000      2     0.50000     0.39685     0.07816     0.02105     0.00373     0.00021
    State       12
       12         -6.93228   2.0000000      1     0.50000     0.20640     0.27966     0.01235     0.00053     0.00106
       12         -6.93228   2.0000000      2     0.50000     0.20640     0.27966     0.01235     0.00053     0.00106
    State       13
       13         -3.67853   2.0000000      1     0.50000     0.04768     0.41305     0.03433     0.00429     0.00064
       13         -3.67853   2.0000000      2     0.50000     0.04768     0.41305     0.03433     0.00429     0.00064
    State       14
       14         -1.94796   2.0000000      1     0.50000     0.00000     0.45890     0.03187     0.00785     0.00138
       14         -1.94796   2.0000000      2     0.50000     0.00000     0.45890     0.03187     0.00785     0.00138
    State       15
       15          1.72216   0.0000000      1     0.50000     0.06872     0.25779     0.16136     0.01095     0.00119
       15          1.72216   0.0000000      2     0.50000     0.06872     0.25779     0.16136     0.01095     0.00119
    State       16
       16          4.24874   0.0000000      1     0.50000     0.05599     0.26841     0.15210     0.02211     0.00138
       16          4.24874   0.0000000      2     0.50000     0.05599     0.26841     0.15210     0.02211     0.00138
    State       17
       17          4.53131   0.0000000      1     0.50000     0.00000     0.27620     0.20231     0.01530     0.00619
       17          4.53131   0.0000000      2     0.50000     0.00000     0.27620     0.20231     0.01530     0.00619
    State       18
       18          7.24826   0.0000000      1     0.50000     0.03265     0.22860     0.19811     0.03469     0.00594
       18          7.24826   0.0000000      2     0.50000     0.03265     0.22860     0.19811     0.03469     0.00594
    State       19
       19          8.02310   0.0000000      1     0.50000     0.03545     0.29740     0.11340     0.04775     0.00599
       19          8.02310   0.0000000      2     0.50000     0.03545     0.29740     0.11340     0.04775     0.00599
    State       20
       20          8.28885   0.0000000      1     0.50000     0.00000     0.09594     0.34950     0.04804     0.00652
       20          8.28885   0.0000000      2     0.50000     0.00000     0.09594     0.34950     0.04804     0.00652
    State       21
       21         11.76270   0.0000000      1     0.50000     0.08425     0.07560     0.14589     0.17622     0.01804
       21         11.76270   0.0000000      2     0.50000     0.08425     0.07560     0.14589     0.17622     0.01804
    State       22
       22         13.89769   0.0000000      1     0.50000     0.00000     0.07234     0.32608     0.08991     0.01168
       22         13.89769   0.0000000      2     0.50000     0.00000     0.07234     0.32608     0.08991     0.01168
    State       23
       23         14.27023   0.0000000      1     0.50000     0.00950     0.33087     0.09790     0.04868     0.01304
       23         14.27023   0.0000000      2     0.50000     0.00950     0.33087     0.09790     0.04868     0.01304
    State       24
       24         14.84135   0.0000000      1     0.50000     0.01697     0.16589     0.24104     0.06215     0.01395
       24         14.84135   0.0000000      2     0.50000     0.01697     0.16589     0.24104     0.06215     0.01395
    State       25
       25         17.39448   0.0000000      1     0.50000     0.02590     0.13845     0.19395     0.10490     0.03679
       25         17.39448   0.0000000      2     0.50000     0.02590     0.13845     0.19395     0.10490     0.03679
