k point number:     1: (   0.60000000   0.60000000   0.00000000 )
    State       eigenvalue  occ.number atom       total
    State        1
        1      -1776.57180   2.0000000      1     0.52128     0.52128     0.00000     0.00000    -0.00000    -0.00000
        1      -1776.57180   2.0000000      2     0.47872     0.47872     0.00000     0.00000    -0.00000    -0.00000
    State        2
        2      -1776.57180   2.0000000      1     0.47872     0.47872     0.00000    -0.00000    -0.00000    -0.00000
        2      -1776.57180   2.0000000      2     0.52128     0.52128     0.00000    -0.00000    -0.00000    -0.00000
    State        3
        3       -133.16180   2.0000000      1     0.50000     0.50006    -0.00007    -0.00001     0.00002     0.00001
        3       -133.16180   2.0000000      2     0.50000     0.50006    -0.00007    -0.00001     0.00002     0.00001
    State        4
        4       -133.15943   2.0000000      1     0.50000     0.50007    -0.00003    -0.00001    -0.00002    -0.00001
        4       -133.15943   2.0000000      2     0.50000     0.50007    -0.00003    -0.00001    -0.00002    -0.00001
    State        5
        5        -89.99774   2.0000000      1     0.50000    -0.00000     0.49995     0.00002     0.00000     0.00003
        5        -89.99774   2.0000000      2     0.50000    -0.00000     0.49995     0.00002     0.00000     0.00003
    State        6
        6        -89.99774   2.0000000      1     0.50000     0.00000     0.49995     0.00002     0.00000     0.00003
        6        -89.99774   2.0000000      2     0.50000     0.00000     0.49995     0.00002     0.00000     0.00003
    State        7
        7        -89.98989   2.0000000      1     0.50000    -0.00004     0.50002     0.00001     0.00001     0.00000
        7        -89.98989   2.0000000      2     0.50000    -0.00004     0.50002     0.00001     0.00001     0.00000
    State        8
        8        -89.98484   2.0000000      1     0.50000    -0.00011     0.50012    -0.00002     0.00000     0.00000
        8        -89.98484   2.0000000      2     0.50000    -0.00011     0.50012    -0.00002     0.00000     0.00000
    State        9
        9        -89.97699   2.0000000      1     0.50000    -0.00000     0.50007    -0.00004    -0.00001    -0.00002
        9        -89.97699   2.0000000      2     0.50000    -0.00000     0.50007    -0.00004    -0.00001    -0.00002
    State       10
       10        -89.97699   2.0000000      1     0.50000    -0.00000     0.50007    -0.00004    -0.00001    -0.00002
       10        -89.97699   2.0000000      2     0.50000    -0.00000     0.50007    -0.00004    -0.00001    -0.00002
    State       11
       11         -9.45568   2.0000000      1     0.50000     0.36440     0.12123     0.01098     0.00298     0.00041
       11         -9.45568   2.0000000      2     0.50000     0.36440     0.12123     0.01098     0.00298     0.00041
    State       12
       12         -6.41742   2.0000000      1     0.50000     0.28993     0.17651     0.02995     0.00271     0.00089
       12         -6.41742   2.0000000      2     0.50000     0.28993     0.17651     0.02995     0.00271     0.00089
    State       13
       13         -2.92146   2.0000000      1     0.50000     0.00000     0.47668     0.01075     0.01143     0.00114
       13         -2.92146   2.0000000      2     0.50000     0.00000     0.47668     0.01075     0.01143     0.00114
    State       14
       14         -2.92146   2.0000000      1     0.50000     0.00000     0.47668     0.01075     0.01143     0.00114
       14         -2.92146   2.0000000      2     0.50000     0.00000     0.47668     0.01075     0.01143     0.00114
    State       15
       15          0.24343   0.0000000      1     0.50000     0.00677     0.32710     0.16308     0.00224     0.00081
       15          0.24343   0.0000000      2     0.50000     0.00677     0.32710     0.16308     0.00224     0.00081
    State       16
       16          0.98554   0.0000000      1     0.50000     0.05977     0.23828     0.19976     0.00263    -0.00044
       16          0.98554   0.0000000      2     0.50000     0.05977     0.23828     0.19976     0.00263    -0.00044
    State       17
       17          8.13702   0.0000000      1     0.50000     0.00000     0.31074     0.16159     0.02533     0.00234
       17          8.13702   0.0000000      2     0.50000     0.00000     0.31074     0.16159     0.02533     0.00234
    State       18
       18          8.13702   0.0000000      1     0.50000     0.00000     0.31074     0.16159     0.02533     0.00234
       18          8.13702   0.0000000      2     0.50000     0.00000     0.31074     0.16159     0.02533     0.00234
    State       19
       19         10.72264   0.0000000      1     0.50000     0.00000     0.00000     0.41097     0.08948    -0.00044
       19         10.72264   0.0000000      2     0.50000     0.00000     0.00000     0.41097     0.08948    -0.00044
    State       20
       20         10.79261   0.0000000      1     0.50000     0.11495     0.25479     0.07065     0.04649     0.01311
       20         10.79261   0.0000000      2     0.50000     0.11495     0.25479     0.07065     0.04649     0.01311
    State       21
       21         12.28833   0.0000000      1     0.50000     0.00000     0.12413     0.33722     0.03101     0.00764
       21         12.28833   0.0000000      2     0.50000     0.00000     0.12413     0.33722     0.03101     0.00764
    State       22
       22         12.28833   0.0000000      1     0.50000     0.00000     0.12413     0.33722     0.03101     0.00764
       22         12.28833   0.0000000      2     0.50000     0.00000     0.12413     0.33722     0.03101     0.00764
    State       23
       23         13.42941   0.0000000      1     0.50000    -0.08419     0.52024    -0.00287     0.05561     0.01121
       23         13.42941   0.0000000      2     0.50000    -0.08419     0.52024    -0.00287     0.05561     0.01121
    State       24
       24         14.50557   0.0000000      1     0.50000    -0.00000     0.00000     0.35410     0.13621     0.00968
       24         14.50557   0.0000000      2     0.50000    -0.00000     0.00000     0.35410     0.13621     0.00968
    State       25
       25         17.10082   0.0000000      1     0.50000     0.03515     0.06602     0.23511     0.11404     0.04968
       25         17.10082   0.0000000      2     0.50000     0.03515     0.06602     0.23511     0.11404     0.04968
k point number:     2: (   0.60000000   0.60000000   0.00000000 )
    State       eigenvalue  occ.number atom       total
    State        1
        1      -1776.57180   2.0000000      1     0.52128     0.52128     0.00000     0.00000    -0.00000    -0.00000
        1      -1776.57180   2.0000000      2     0.47872     0.47872     0.00000     0.00000    -0.00000    -0.00000
    State        2
        2      -1776.57180   2.0000000      1     0.47872     0.47872     0.00000    -0.00000    -0.00000    -0.00000
        2      -1776.57180   2.0000000      2     0.52128     0.52128     0.00000    -0.00000    -0.00000    -0.00000
    State        3
        3       -133.16180   2.0000000      1     0.50000     0.50006    -0.00007    -0.00001     0.00002     0.00001
        3       -133.16180   2.0000000      2     0.50000     0.50006    -0.00007    -0.00001     0.00002     0.00001
    State        4
        4       -133.15943   2.0000000      1     0.50000     0.50007    -0.00003    -0.00001    -0.00002    -0.00001
        4       -133.15943   2.0000000      2     0.50000     0.50007    -0.00003    -0.00001    -0.00002    -0.00001
    State        5
        5        -89.99774   2.0000000      1     0.50000    -0.00000     0.49995     0.00002     0.00000     0.00003
        5        -89.99774   2.0000000      2     0.50000    -0.00000     0.49995     0.00002     0.00000     0.00003
    State        6
        6        -89.99774   2.0000000      1     0.50000     0.00000     0.49995     0.00002     0.00000     0.00003
        6        -89.99774   2.0000000      2     0.50000     0.00000     0.49995     0.00002     0.00000     0.00003
    State        7
        7        -89.98989   2.0000000      1     0.50000    -0.00004     0.50002     0.00001     0.00001     0.00000
        7        -89.98989   2.0000000      2     0.50000    -0.00004     0.50002     0.00001     0.00001     0.00000
    State        8
        8        -89.98484   2.0000000      1     0.50000    -0.00011     0.50012    -0.00002     0.00000     0.00000
        8        -89.98484   2.0000000      2     0.50000    -0.00011     0.50012    -0.00002     0.00000     0.00000
    State        9
        9        -89.97699   2.0000000      1     0.50000    -0.00000     0.50007    -0.00004    -0.00001    -0.00002
        9        -89.97699   2.0000000      2     0.50000    -0.00000     0.50007    -0.00004    -0.00001    -0.00002
    State       10
       10        -89.97699   2.0000000      1     0.50000    -0.00000     0.50007    -0.00004    -0.00001    -0.00002
       10        -89.97699   2.0000000      2     0.50000    -0.00000     0.50007    -0.00004    -0.00001    -0.00002
    State       11
       11         -9.45568   2.0000000      1     0.50000     0.36440     0.12123     0.01098     0.00298     0.00041
       11         -9.45568   2.0000000      2     0.50000     0.36440     0.12123     0.01098     0.00298     0.00041
    State       12
       12         -6.41742   2.0000000      1     0.50000     0.28993     0.17651     0.02995     0.00271     0.00089
       12         -6.41742   2.0000000      2     0.50000     0.28993     0.17651     0.02995     0.00271     0.00089
    State       13
       13         -2.92146   2.0000000      1     0.50000     0.00000     0.47668     0.01075     0.01143     0.00114
       13         -2.92146   2.0000000      2     0.50000     0.00000     0.47668     0.01075     0.01143     0.00114
    State       14
       14         -2.92146   2.0000000      1     0.50000     0.00000     0.47668     0.01075     0.01143     0.00114
       14         -2.92146   2.0000000      2     0.50000     0.00000     0.47668     0.01075     0.01143     0.00114
    State       15
       15          0.24343   0.0000000      1     0.50000     0.00677     0.32710     0.16308     0.00224     0.00081
       15          0.24343   0.0000000      2     0.50000     0.00677     0.32710     0.16308     0.00224     0.00081
    State       16
       16          0.98554   0.0000000      1     0.50000     0.05977     0.23828     0.19976     0.00263    -0.00044
       16          0.98554   0.0000000      2     0.50000     0.05977     0.23828     0.19976     0.00263    -0.00044
    State       17
       17          8.13702   0.0000000      1     0.50000     0.00000     0.31074     0.16159     0.02533     0.00234
       17          8.13702   0.0000000      2     0.50000     0.00000     0.31074     0.16159     0.02533     0.00234
    State       18
       18          8.13702   0.0000000      1     0.50000     0.00000     0.31074     0.16159     0.02533     0.00234
       18          8.13702   0.0000000      2     0.50000     0.00000     0.31074     0.16159     0.02533     0.00234
    State       19
       19         10.72264   0.0000000      1     0.50000     0.00000     0.00000     0.41097     0.08948    -0.00044
       19         10.72264   0.0000000      2     0.50000     0.00000     0.00000     0.41097     0.08948    -0.00044
    State       20
       20         10.79261   0.0000000      1     0.50000     0.11495     0.25479     0.07065     0.04649     0.01311
       20         10.79261   0.0000000      2     0.50000     0.11495     0.25479     0.07065     0.04649     0.01311
    State       21
       21         12.28833   0.0000000      1     0.50000     0.00000     0.12413     0.33722     0.03101     0.00764
       21         12.28833   0.0000000      2     0.50000     0.00000     0.12413     0.33722     0.03101     0.00764
    State       22
       22         12.28833   0.0000000      1     0.50000     0.00000     0.12413     0.33722     0.03101     0.00764
       22         12.28833   0.0000000      2     0.50000     0.00000     0.12413     0.33722     0.03101     0.00764
    State       23
       23         13.42941   0.0000000      1     0.50000    -0.08419     0.52024    -0.00287     0.05561     0.01121
       23         13.42941   0.0000000      2     0.50000    -0.08419     0.52024    -0.00287     0.05561     0.01121
    State       24
       24         14.50557   0.0000000      1     0.50000    -0.00000     0.00000     0.35410     0.13621     0.00968
       24         14.50557   0.0000000      2     0.50000    -0.00000     0.00000     0.35410     0.13621     0.00968
    State       25
       25         17.10082   0.0000000      1     0.50000     0.03515     0.06602     0.23511     0.11404     0.04968
       25         17.10082   0.0000000      2     0.50000     0.03515     0.06602     0.23511     0.11404     0.04968
