k point number:     1: (   0.80000000   0.60000000   0.80000000 )
    State       eigenvalue  occ.number atom       total
    State        1
        1      -1776.57180   2.0000000      1     0.50008     0.50008    -0.00000    -0.00000    -0.00000    -0.00000
        1      -1776.57180   2.0000000      2     0.49992     0.49992    -0.00000    -0.00000    -0.00000    -0.00000
    State        2
        2      -1776.57180   2.0000000      1     0.49992     0.49992    -0.00000     0.00000    -0.00000    -0.00000
        2      -1776.57180   2.0000000      2     0.50008     0.50008    -0.00000     0.00000    -0.00000    -0.00000
    State        3
        3       -133.16313   2.0000000      1     0.50000     0.49986     0.00009    -0.00000     0.00004     0.00001
        3       -133.16313   2.0000000      2     0.50000     0.49986     0.00009    -0.00000     0.00004     0.00001
    State        4
        4       -133.15810   2.0000000      1     0.50000     0.50002     0.00003    -0.00000    -0.00004    -0.00001
        4       -133.15810   2.0000000      2     0.50000     0.50002     0.00003    -0.00000    -0.00004    -0.00001
    State        5
        5        -89.99713   2.0000000      1     0.50000     0.00003     0.49993     0.00002     0.00000     0.00002
        5        -89.99713   2.0000000      2     0.50000     0.00003     0.49993     0.00002     0.00000     0.00002
    State        6
        6        -89.99636   2.0000000      1     0.50000    -0.00000     0.49996     0.00003     0.00001     0.00000
        6        -89.99636   2.0000000      2     0.50000    -0.00000     0.49996     0.00003     0.00001     0.00000
    State        7
        7        -89.99348   2.0000000      1     0.50000    -0.00023     0.50021     0.00002    -0.00001     0.00001
        7        -89.99348   2.0000000      2     0.50000    -0.00023     0.50021     0.00002    -0.00001     0.00001
    State        8
        8        -89.98125   2.0000000      1     0.50000    -0.00031     0.50036    -0.00003    -0.00001    -0.00001
        8        -89.98125   2.0000000      2     0.50000    -0.00031     0.50036    -0.00003    -0.00001    -0.00001
    State        9
        9        -89.97835   2.0000000      1     0.50000    -0.00000     0.50004    -0.00003    -0.00001    -0.00000
        9        -89.97835   2.0000000      2     0.50000    -0.00000     0.50004    -0.00003    -0.00001    -0.00000
    State       10
       10        -89.97759   2.0000000      1     0.50000    -0.00000     0.50006    -0.00004    -0.00000    -0.00002
       10        -89.97759   2.0000000      2     0.50000    -0.00000     0.50006    -0.00004    -0.00000    -0.00002
    State       11
       11        -10.80571   2.0000000      1     0.50000     0.41776     0.07301     0.00620     0.00278     0.00025
       11        -10.80571   2.0000000      2     0.50000     0.41776     0.07301     0.00620     0.00278     0.00025
    State       12
       12         -4.72798   2.0000000      1     0.50000     0.20331     0.25587     0.03841     0.00132     0.00109
       12         -4.72798   2.0000000      2     0.50000     0.20331     0.25587     0.03841     0.00132     0.00109
    State       13
       13         -3.24388   2.0000000      1     0.50000     0.00976     0.44683     0.03776     0.00460     0.00105
       13         -3.24388   2.0000000      2     0.50000     0.00976     0.44683     0.03776     0.00460     0.00105
    State       14
       14         -1.08604   2.0000000      1     0.50000     0.00000     0.44208     0.05164     0.00542     0.00086
       14         -1.08604   2.0000000      2     0.50000     0.00000     0.44208     0.05164     0.00542     0.00086
    State       15
       15          2.54426   0.0000000      1     0.50000     0.10242     0.25415     0.12646     0.01393     0.00305
       15          2.54426   0.0000000      2     0.50000     0.10242     0.25415     0.12646     0.01393     0.00305
    State       16
       16          3.68180   0.0000000      1     0.50000    -0.00000     0.35233     0.12699     0.01611     0.00457
       16          3.68180   0.0000000      2     0.50000    -0.00000     0.35233     0.12699     0.01611     0.00457
    State       17
       17          3.96554   0.0000000      1     0.50000    -0.02235     0.34351     0.16339     0.01482     0.00063
       17          3.96554   0.0000000      2     0.50000    -0.02235     0.34351     0.16339     0.01482     0.00063
    State       18
       18          5.40718   0.0000000      1     0.50000     0.10178     0.23250     0.11769     0.04699     0.00105
       18          5.40718   0.0000000      2     0.50000     0.10178     0.23250     0.11769     0.04699     0.00105
    State       19
       19          6.06694   0.0000000      1     0.50000     0.00000     0.02300     0.43939     0.02945     0.00816
       19          6.06694   0.0000000      2     0.50000     0.00000     0.02300     0.43939     0.02945     0.00816
    State       20
       20         10.47762   0.0000000      1     0.50000     0.04452     0.28290     0.08796     0.07241     0.01221
       20         10.47762   0.0000000      2     0.50000     0.04452     0.28290     0.08796     0.07241     0.01221
    State       21
       21         10.51884   0.0000000      1     0.50000     0.06245     0.13391     0.23846     0.06089     0.00430
       21         10.51884   0.0000000      2     0.50000     0.06245     0.13391     0.23846     0.06089     0.00430
    State       22
       22         12.05197   0.0000000      1     0.50000     0.06432     0.03986     0.22791     0.13933     0.02859
       22         12.05197   0.0000000      2     0.50000     0.06432     0.03986     0.22791     0.13933     0.02859
    State       23
       23         13.60077   0.0000000      1     0.50000     0.03952     0.12065     0.25321     0.06872     0.01791
       23         13.60077   0.0000000      2     0.50000     0.03952     0.12065     0.25321     0.06872     0.01791
    State       24
       24         15.43006   0.0000000      1     0.50000     0.00557     0.13910     0.07929     0.23716     0.03888
       24         15.43006   0.0000000      2     0.50000     0.00557     0.13910     0.07929     0.23716     0.03888
    State       25
       25         16.76168   0.0000000      1     0.50000     0.00000     0.03794     0.39042     0.05158     0.02006
       25         16.76168   0.0000000      2     0.50000     0.00000     0.03794     0.39042     0.05158     0.02006
k point number:     2: (   0.80000000   0.60000000   0.80000000 )
    State       eigenvalue  occ.number atom       total
    State        1
        1      -1776.57180   2.0000000      1     0.50008     0.50008    -0.00000    -0.00000    -0.00000    -0.00000
        1      -1776.57180   2.0000000      2     0.49992     0.49992    -0.00000    -0.00000    -0.00000    -0.00000
    State        2
        2      -1776.57180   2.0000000      1     0.49992     0.49992    -0.00000     0.00000    -0.00000    -0.00000
        2      -1776.57180   2.0000000      2     0.50008     0.50008    -0.00000     0.00000    -0.00000    -0.00000
    State        3
        3       -133.16313   2.0000000      1     0.50000     0.49986     0.00009    -0.00000     0.00004     0.00001
        3       -133.16313   2.0000000      2     0.50000     0.49986     0.00009    -0.00000     0.00004     0.00001
    State        4
        4       -133.15810   2.0000000      1     0.50000     0.50002     0.00003    -0.00000    -0.00004    -0.00001
        4       -133.15810   2.0000000      2     0.50000     0.50002     0.00003    -0.00000    -0.00004    -0.00001
    State        5
        5        -89.99713   2.0000000      1     0.50000     0.00003     0.49993     0.00002     0.00000     0.00002
        5        -89.99713   2.0000000      2     0.50000     0.00003     0.49993     0.00002     0.00000     0.00002
    State        6
        6        -89.99636   2.0000000      1     0.50000    -0.00000     0.49996     0.00003     0.00001     0.00000
        6        -89.99636   2.0000000      2     0.50000    -0.00000     0.49996     0.00003     0.00001     0.00000
    State        7
        7        -89.99348   2.0000000      1     0.50000    -0.00023     0.50021     0.00002    -0.00001     0.00001
        7        -89.99348   2.0000000      2     0.50000    -0.00023     0.50021     0.00002    -0.00001     0.00001
    State        8
        8        -89.98125   2.0000000      1     0.50000    -0.00031     0.50036    -0.00003    -0.00001    -0.00001
        8        -89.98125   2.0000000      2     0.50000    -0.00031     0.50036    -0.00003    -0.00001    -0.00001
    State        9
        9        -89.97835   2.0000000      1     0.50000    -0.00000     0.50004    -0.00003    -0.00001    -0.00000
        9        -89.97835   2.0000000      2     0.50000    -0.00000     0.50004    -0.00003    -0.00001    -0.00000
    State       10
       10        -89.97759   2.0000000      1     0.50000    -0.00000     0.50006    -0.00004    -0.00000    -0.00002
       10        -89.97759   2.0000000      2     0.50000    -0.00000     0.50006    -0.00004    -0.00000    -0.00002
    State       11
       11        -10.80571   2.0000000      1     0.50000     0.41776     0.07301     0.00620     0.00278     0.00025
       11        -10.80571   2.0000000      2     0.50000     0.41776     0.07301     0.00620     0.00278     0.00025
    State       12
       12         -4.72798   2.0000000      1     0.50000     0.20331     0.25587     0.03841     0.00132     0.00109
       12         -4.72798   2.0000000      2     0.50000     0.20331     0.25587     0.03841     0.00132     0.00109
    State       13
       13         -3.24388   2.0000000      1     0.50000     0.00976     0.44683     0.03776     0.00460     0.00105
       13         -3.24388   2.0000000      2     0.50000     0.00976     0.44683     0.03776     0.00460     0.00105
    State       14
       14         -1.08604   2.0000000      1     0.50000     0.00000     0.44208     0.05164     0.00542     0.00086
       14         -1.08604   2.0000000      2     0.50000     0.00000     0.44208     0.05164     0.00542     0.00086
    State       15
       15          2.54426   0.0000000      1     0.50000     0.10242     0.25415     0.12646     0.01393     0.00305
       15          2.54426   0.0000000      2     0.50000     0.10242     0.25415     0.12646     0.01393     0.00305
    State       16
       16          3.68180   0.0000000      1     0.50000    -0.00000     0.35233     0.12699     0.01611     0.00457
       16          3.68180   0.0000000      2     0.50000    -0.00000     0.35233     0.12699     0.01611     0.00457
    State       17
       17          3.96554   0.0000000      1     0.50000    -0.02235     0.34351     0.16339     0.01482     0.00063
       17          3.96554   0.0000000      2     0.50000    -0.02235     0.34351     0.16339     0.01482     0.00063
    State       18
       18          5.40718   0.0000000      1     0.50000     0.10178     0.23250     0.11769     0.04699     0.00105
       18          5.40718   0.0000000      2     0.50000     0.10178     0.23250     0.11769     0.04699     0.00105
    State       19
       19          6.06694   0.0000000      1     0.50000     0.00000     0.02300     0.43939     0.02945     0.00816
       19          6.06694   0.0000000      2     0.50000     0.00000     0.02300     0.43939     0.02945     0.00816
    State       20
       20         10.47762   0.0000000      1     0.50000     0.04452     0.28290     0.08796     0.07241     0.01221
       20         10.47762   0.0000000      2     0.50000     0.04452     0.28290     0.08796     0.07241     0.01221
    State       21
       21         10.51884   0.0000000      1     0.50000     0.06245     0.13391     0.23846     0.06089     0.00430
       21         10.51884   0.0000000      2     0.50000     0.06245     0.13391     0.23846     0.06089     0.00430
    State       22
       22         12.05197   0.0000000      1     0.50000     0.06432     0.03986     0.22791     0.13933     0.02859
       22         12.05197   0.0000000      2     0.50000     0.06432     0.03986     0.22791     0.13933     0.02859
    State       23
       23         13.60077   0.0000000      1     0.50000     0.03952     0.12065     0.25321     0.06872     0.01791
       23         13.60077   0.0000000      2     0.50000     0.03952     0.12065     0.25321     0.06872     0.01791
    State       24
       24         15.43006   0.0000000      1     0.50000     0.00557     0.13910     0.07929     0.23716     0.03888
       24         15.43006   0.0000000      2     0.50000     0.00557     0.13910     0.07929     0.23716     0.03888
    State       25
       25         16.76168   0.0000000      1     0.50000     0.00000     0.03794     0.39042     0.05158     0.02006
       25         16.76168   0.0000000      2     0.50000     0.00000     0.03794     0.39042     0.05158     0.02006
