k point number:     1: (   0.40000000   0.80000000   0.40000000 )
    State       eigenvalue  occ.number atom       total
    State        1
        1      -1776.57180   2.0000000      1     0.50048     0.50048    -0.00000    -0.00000    -0.00000    -0.00000
        1      -1776.57180   2.0000000      2     0.49952     0.49952    -0.00000    -0.00000    -0.00000    -0.00000
    State        2
        2      -1776.57180   2.0000000      1     0.49952     0.49952     0.00000    -0.00000    -0.00000    -0.00000
        2      -1776.57180   2.0000000      2     0.50048     0.50048     0.00000    -0.00000    -0.00000    -0.00000
    State        3
        3       -133.16098   2.0000000      1     0.50000     0.49991     0.00009    -0.00001     0.00001     0.00000
        3       -133.16098   2.0000000      2     0.50000     0.49991     0.00009    -0.00001     0.00001     0.00000
    State        4
        4       -133.16025   2.0000000      1     0.50000     0.49999     0.00002    -0.00000    -0.00001    -0.00000
        4       -133.16025   2.0000000      2     0.50000     0.49999     0.00002    -0.00000    -0.00001    -0.00000
    State        5
        5        -89.99809   2.0000000      1     0.50000    -0.00000     0.49995     0.00002     0.00000     0.00003
        5        -89.99809   2.0000000      2     0.50000    -0.00000     0.49995     0.00002     0.00000     0.00003
    State        6
        6        -89.99771   2.0000000      1     0.50000    -0.00000     0.49995     0.00001     0.00000     0.00003
        6        -89.99771   2.0000000      2     0.50000    -0.00000     0.49995     0.00001     0.00000     0.00003
    State        7
        7        -89.98853   2.0000000      1     0.50000    -0.00016     0.50014     0.00001     0.00000     0.00000
        7        -89.98853   2.0000000      2     0.50000    -0.00016     0.50014     0.00001     0.00000     0.00000
    State        8
        8        -89.98621   2.0000000      1     0.50000    -0.00030     0.50030    -0.00000     0.00000    -0.00000
        8        -89.98621   2.0000000      2     0.50000    -0.00030     0.50030    -0.00000     0.00000    -0.00000
    State        9
        9        -89.97701   2.0000000      1     0.50000    -0.00000     0.50006    -0.00003    -0.00001    -0.00002
        9        -89.97701   2.0000000      2     0.50000    -0.00000     0.50006    -0.00003    -0.00001    -0.00002
    State       10
       10        -89.97664   2.0000000      1     0.50000     0.00001     0.50006    -0.00003    -0.00001    -0.00003
       10        -89.97664   2.0000000      2     0.50000     0.00001     0.50006    -0.00003    -0.00001    -0.00003
    State       11
       11         -8.26283   2.0000000      1     0.50000     0.35059     0.12204     0.02265     0.00428     0.00044
       11         -8.26283   2.0000000      2     0.50000     0.35059     0.12204     0.02265     0.00428     0.00044
    State       12
       12         -7.66417   2.0000000      1     0.50000     0.30779     0.16798     0.02068     0.00284     0.00070
       12         -7.66417   2.0000000      2     0.50000     0.30779     0.16798     0.02068     0.00284     0.00070
    State       13
       13         -4.29839   2.0000000      1     0.50000     0.00085     0.47283     0.02256     0.00298     0.00079
       13         -4.29839   2.0000000      2     0.50000     0.00085     0.47283     0.02256     0.00298     0.00079
    State       14
       14         -2.80348   2.0000000      1     0.50000     0.00000     0.47503     0.01277     0.01089     0.00131
       14         -2.80348   2.0000000      2     0.50000     0.00000     0.47503     0.01277     0.01089     0.00131
    State       15
       15          0.69274   0.0000000      1     0.50000     0.04133     0.27723     0.17764     0.00389    -0.00009
       15          0.69274   0.0000000      2     0.50000     0.04133     0.27723     0.17764     0.00389    -0.00009
    State       16
       16          2.82670   0.0000000      1     0.50000     0.01825     0.28840     0.17783     0.01409     0.00143
       16          2.82670   0.0000000      2     0.50000     0.01825     0.28840     0.17783     0.01409     0.00143
    State       17
       17          7.74105   0.0000000      1     0.50000     0.00000     0.32131     0.14226     0.03306     0.00337
       17          7.74105   0.0000000      2     0.50000     0.00000     0.32131     0.14226     0.03306     0.00337
    State       18
       18          8.28438   0.0000000      1     0.50000     0.04740     0.35372     0.05740     0.03463     0.00684
       18          8.28438   0.0000000      2     0.50000     0.04740     0.35372     0.05740     0.03463     0.00684
    State       19
       19          8.31732   0.0000000      1     0.50000     0.02911     0.20471     0.23659     0.02667     0.00293
       19          8.31732   0.0000000      2     0.50000     0.02911     0.20471     0.23659     0.02667     0.00293
    State       20
       20          8.92484   0.0000000      1     0.50000     0.00000     0.05162     0.39382     0.05185     0.00271
       20          8.92484   0.0000000      2     0.50000     0.00000     0.05162     0.39382     0.05185     0.00271
    State       21
       21         13.90423   0.0000000      1     0.50000    -0.01143     0.41249     0.04724     0.04229     0.00941
       21         13.90423   0.0000000      2     0.50000    -0.01143     0.41249     0.04724     0.04229     0.00941
    State       22
       22         14.17856   0.0000000      1     0.50000    -0.00000     0.00966     0.39059     0.09332     0.00643
       22         14.17856   0.0000000      2     0.50000    -0.00000     0.00966     0.39059     0.09332     0.00643
    State       23
       23         14.52435   0.0000000      1     0.50000     0.00000     0.09539     0.30013     0.09302     0.01145
       23         14.52435   0.0000000      2     0.50000     0.00000     0.09539     0.30013     0.09302     0.01145
    State       24
       24         15.55840   0.0000000      1     0.50000     0.00299     0.23546     0.17919     0.07088     0.01148
       24         15.55840   0.0000000      2     0.50000     0.00299     0.23546     0.17919     0.07088     0.01148
    State       25
       25         16.54852   0.0000000      1     0.50000     0.00015     0.08782     0.24228     0.13890     0.03085
       25         16.54852   0.0000000      2     0.50000     0.00015     0.08782     0.24228     0.13890     0.03085
k point number:     2: (   0.40000000   0.80000000   0.40000000 )
    State       eigenvalue  occ.number atom       total
    State        1
        1      -1776.57180   2.0000000      1     0.50048     0.50048    -0.00000    -0.00000    -0.00000    -0.00000
        1      -1776.57180   2.0000000      2     0.49952     0.49952    -0.00000    -0.00000    -0.00000    -0.00000
    State        2
        2      -1776.57180   2.0000000      1     0.49952     0.49952     0.00000    -0.00000    -0.00000    -0.00000
        2      -1776.57180   2.0000000      2     0.50048     0.50048     0.00000    -0.00000    -0.00000    -0.00000
    State        3
        3       -133.16098   2.0000000      1     0.50000     0.49991     0.00009    -0.00001     0.00001     0.00000
        3       -133.16098   2.0000000      2     0.50000     0.49991     0.00009    -0.00001     0.00001     0.00000
    State        4
        4       -133.16025   2.0000000      1     0.50000     0.49999     0.00002    -0.00000    -0.00001    -0.00000
        4       -133.16025   2.0000000      2     0.50000     0.49999     0.00002    -0.00000    -0.00001    -0.00000
    State        5
        5        -89.99809   2.0000000      1     0.50000    -0.00000     0.49995     0.00002     0.00000     0.00003
        5        -89.99809   2.0000000      2     0.50000    -0.00000     0.49995     0.00002     0.00000     0.00003
    State        6
        6        -89.99771   2.0000000      1     0.50000    -0.00000     0.49995     0.00001     0.00000     0.00003
        6        -89.99771   2.0000000      2     0.50000    -0.00000     0.49995     0.00001     0.00000     0.00003
    State        7
        7        -89.98853   2.0000000      1     0.50000    -0.00016     0.50014     0.00001     0.00000     0.00000
        7        -89.98853   2.0000000      2     0.50000    -0.00016     0.50014     0.00001     0.00000     0.00000
    State        8
        8        -89.98621   2.0000000      1     0.50000    -0.00030     0.50030    -0.00000     0.00000    -0.00000
        8        -89.98621   2.0000000      2     0.50000    -0.00030     0.50030    -0.00000     0.00000    -0.00000
    State        9
        9        -89.97701   2.0000000      1     0.50000    -0.00000     0.50006    -0.00003    -0.00001    -0.00002
        9        -89.97701   2.0000000      2     0.50000    -0.00000     0.50006    -0.00003    -0.00001    -0.00002
    State       10
       10        -89.97664   2.0000000      1     0.50000     0.00001     0.50006    -0.00003    -0.00001    -0.00003
       10        -89.97664   2.0000000      2     0.50000     0.00001     0.50006    -0.00003    -0.00001    -0.00003
    State       11
       11         -8.26283   2.0000000      1     0.50000     0.35059     0.12204     0.02265     0.00428     0.00044
       11         -8.26283   2.0000000      2     0.50000     0.35059     0.12204     0.02265     0.00428     0.00044
    State       12
       12         -7.66417   2.0000000      1     0.50000     0.30779     0.16798     0.02068     0.00284     0.00070
       12         -7.66417   2.0000000      2     0.50000     0.30779     0.16798     0.02068     0.00284     0.00070
    State       13
       13         -4.29839   2.0000000      1     0.50000     0.00085     0.47283     0.02256     0.00298     0.00079
       13         -4.29839   2.0000000      2     0.50000     0.00085     0.47283     0.02256     0.00298     0.00079
    State       14
       14         -2.80348   2.0000000      1     0.50000     0.00000     0.47503     0.01277     0.01089     0.00131
       14         -2.80348   2.0000000      2     0.50000     0.00000     0.47503     0.01277     0.01089     0.00131
    State       15
       15          0.69274   0.0000000      1     0.50000     0.04133     0.27723     0.17764     0.00389    -0.00009
       15          0.69274   0.0000000      2     0.50000     0.04133     0.27723     0.17764     0.00389    -0.00009
    State       16
       16          2.82670   0.0000000      1     0.50000     0.01825     0.28840     0.17783     0.01409     0.00143
       16          2.82670   0.0000000      2     0.50000     0.01825     0.28840     0.17783     0.01409     0.00143
    State       17
       17          7.74105   0.0000000      1     0.50000     0.00000     0.32131     0.14226     0.03306     0.00337
       17          7.74105   0.0000000      2     0.50000     0.00000     0.32131     0.14226     0.03306     0.00337
    State       18
       18          8.28438   0.0000000      1     0.50000     0.04740     0.35372     0.05740     0.03463     0.00684
       18          8.28438   0.0000000      2     0.50000     0.04740     0.35372     0.05740     0.03463     0.00684
    State       19
       19          8.31732   0.0000000      1     0.50000     0.02911     0.20471     0.23659     0.02667     0.00293
       19          8.31732   0.0000000      2     0.50000     0.02911     0.20471     0.23659     0.02667     0.00293
    State       20
       20          8.92484   0.0000000      1     0.50000     0.00000     0.05162     0.39382     0.05185     0.00271
       20          8.92484   0.0000000      2     0.50000     0.00000     0.05162     0.39382     0.05185     0.00271
    State       21
       21         13.90423   0.0000000      1     0.50000    -0.01143     0.41249     0.04724     0.04229     0.00941
       21         13.90423   0.0000000      2     0.50000    -0.01143     0.41249     0.04724     0.04229     0.00941
    State       22
       22         14.17856   0.0000000      1     0.50000    -0.00000     0.00966     0.39059     0.09332     0.00643
       22         14.17856   0.0000000      2     0.50000    -0.00000     0.00966     0.39059     0.09332     0.00643
    State       23
       23         14.52435   0.0000000      1     0.50000     0.00000     0.09539     0.30013     0.09302     0.01145
       23         14.52435   0.0000000      2     0.50000     0.00000     0.09539     0.30013     0.09302     0.01145
    State       24
       24         15.55840   0.0000000      1     0.50000     0.00299     0.23546     0.17919     0.07088     0.01148
       24         15.55840   0.0000000      2     0.50000     0.00299     0.23546     0.17919     0.07088     0.01148
    State       25
       25         16.54852   0.0000000      1     0.50000     0.00015     0.08782     0.24228     0.13890     0.03085
       25         16.54852   0.0000000      2     0.50000     0.00015     0.08782     0.24228     0.13890     0.03085
