k point number:     1: (   0.60000000   0.00000000   0.00000000 )
    State       eigenvalue  occ.number atom       total
    State        1
        1      -1776.57180   2.0000000      1     0.50010     0.50010    -0.00000    -0.00000    -0.00000    -0.00000
        1      -1776.57180   2.0000000      2     0.49990     0.49990    -0.00000    -0.00000    -0.00000    -0.00000
    State        2
        2      -1776.57180   2.0000000      1     0.49990     0.49990     0.00000     0.00000    -0.00000    -0.00000
        2      -1776.57180   2.0000000      2     0.50010     0.50010     0.00000     0.00000    -0.00000    -0.00000
    State        3
        3       -133.16279   2.0000000      1     0.50000     0.49972     0.00024    -0.00001     0.00004     0.00001
        3       -133.16279   2.0000000      2     0.50000     0.49972     0.00024    -0.00001     0.00004     0.00001
    State        4
        4       -133.15844   2.0000000      1     0.50000     0.50004    -0.00000    -0.00000    -0.00003    -0.00001
        4       -133.15844   2.0000000      2     0.50000     0.50004    -0.00000    -0.00000    -0.00003    -0.00001
    State        5
        5        -89.99663   2.0000000      1     0.50000    -0.00000     0.49997     0.00002     0.00000     0.00001
        5        -89.99663   2.0000000      2     0.50000    -0.00000     0.49997     0.00002     0.00000     0.00001
    State        6
        6        -89.99663   2.0000000      1     0.50000    -0.00000     0.49997     0.00002     0.00000     0.00001
        6        -89.99663   2.0000000      2     0.50000    -0.00000     0.49997     0.00002     0.00000     0.00001
    State        7
        7        -89.99404   2.0000000      1     0.50000    -0.00013     0.50010     0.00000    -0.00000     0.00003
        7        -89.99404   2.0000000      2     0.50000    -0.00013     0.50010     0.00000    -0.00000     0.00003
    State        8
        8        -89.98071   2.0000000      1     0.50000    -0.00045     0.50050    -0.00001    -0.00000    -0.00004
        8        -89.98071   2.0000000      2     0.50000    -0.00045     0.50050    -0.00001    -0.00000    -0.00004
    State        9
        9        -89.97808   2.0000000      1     0.50000    -0.00000     0.50004    -0.00003    -0.00001    -0.00000
        9        -89.97808   2.0000000      2     0.50000    -0.00000     0.50004    -0.00003    -0.00001    -0.00000
    State       10
       10        -89.97808   2.0000000      1     0.50000    -0.00000     0.50004    -0.00003    -0.00001    -0.00000
       10        -89.97808   2.0000000      2     0.50000    -0.00000     0.50004    -0.00003    -0.00001    -0.00000
    State       11
       11        -10.27928   2.0000000      1     0.50000     0.41747     0.06516     0.01427     0.00287     0.00024
       11        -10.27928   2.0000000      2     0.50000     0.41747     0.06516     0.01427     0.00287     0.00024
    State       12
       12         -6.50508   2.0000000      1     0.50000     0.16890     0.31775     0.01223    -0.00010     0.00122
       12         -6.50508   2.0000000      2     0.50000     0.16890     0.31775     0.01223    -0.00010     0.00122
    State       13
       13         -1.36530   2.0000000      1     0.50000     0.00000     0.45228     0.03888     0.00839     0.00045
       13         -1.36530   2.0000000      2     0.50000     0.00000     0.45228     0.03888     0.00839     0.00045
    State       14
       14         -1.36530   2.0000000      1     0.50000     0.00000     0.45228     0.03888     0.00839     0.00045
       14         -1.36530   2.0000000      2     0.50000     0.00000     0.45228     0.03888     0.00839     0.00045
    State       15
       15          1.21034   0.0000000      1     0.50000     0.19840     0.18091     0.10811     0.01269    -0.00011
       15          1.21034   0.0000000      2     0.50000     0.19840     0.18091     0.10811     0.01269    -0.00011
    State       16
       16          3.15798   0.0000000      1     0.50000     0.00000     0.28284     0.20569     0.00201     0.00946
       16          3.15798   0.0000000      2     0.50000     0.00000     0.28284     0.20569     0.00201     0.00946
    State       17
       17          3.15798   0.0000000      1     0.50000     0.00000     0.28284     0.20569     0.00201     0.00946
       17          3.15798   0.0000000      2     0.50000     0.00000     0.28284     0.20569     0.00201     0.00946
    State       18
       18          7.83230   0.0000000      1     0.50000     0.13788     0.14167     0.05420     0.16236     0.00389
       18          7.83230   0.0000000      2     0.50000     0.13788     0.14167     0.05420     0.16236     0.00389
    State       19
       19          8.90093   0.0000000      1     0.50000     0.00000     0.06007     0.37251     0.05924     0.00818
       19          8.90093   0.0000000      2     0.50000     0.00000     0.06007     0.37251     0.05924     0.00818
    State       20
       20          8.90093   0.0000000      1     0.50000     0.00000     0.06007     0.37251     0.05924     0.00818
       20          8.90093   0.0000000      2     0.50000     0.00000     0.06007     0.37251     0.05924     0.00818
    State       21
       21          9.71949   0.0000000      1     0.50000     0.10602     0.24916     0.06366     0.07796     0.00320
       21          9.71949   0.0000000      2     0.50000     0.10602     0.24916     0.06366     0.07796     0.00320
    State       22
       22         13.05637   0.0000000      1     0.50000     0.00000     0.09274     0.31112     0.08439     0.01175
       22         13.05637   0.0000000      2     0.50000     0.00000     0.09274     0.31112     0.08439     0.01175
    State       23
       23         13.05637   0.0000000      1     0.50000     0.00000     0.09274     0.31112     0.08439     0.01175
       23         13.05637   0.0000000      2     0.50000     0.00000     0.09274     0.31112     0.08439     0.01175
    State       24
       24         13.66113   0.0000000      1     0.50000     0.05063     0.36856     0.00082     0.06354     0.01644
       24         13.66113   0.0000000      2     0.50000     0.05063     0.36856     0.00082     0.06354     0.01644
    State       25
       25         16.72746   0.0000000      1     0.50000     0.07932     0.12111     0.22459     0.04874     0.02624
       25         16.72746   0.0000000      2     0.50000     0.07932     0.12111     0.22459     0.04874     0.02624
k point number:     2: (   0.60000000   0.00000000   0.00000000 )
    State       eigenvalue  occ.number atom       total
    State        1
        1      -1776.57180   2.0000000      1     0.50010     0.50010    -0.00000    -0.00000    -0.00000    -0.00000
        1      -1776.57180   2.0000000      2     0.49990     0.49990    -0.00000    -0.00000    -0.00000    -0.00000
    State        2
        2      -1776.57180   2.0000000      1     0.49990     0.49990     0.00000     0.00000    -0.00000    -0.00000
        2      -1776.57180   2.0000000      2     0.50010     0.50010     0.00000     0.00000    -0.00000    -0.00000
    State        3
        3       -133.16279   2.0000000      1     0.50000     0.49972     0.00024    -0.00001     0.00004     0.00001
        3       -133.16279   2.0000000      2     0.50000     0.49972     0.00024    -0.00001     0.00004     0.00001
    State        4
        4       -133.15844   2.0000000      1     0.50000     0.50004    -0.00000    -0.00000    -0.00003    -0.00001
        4       -133.15844   2.0000000      2     0.50000     0.50004    -0.00000    -0.00000    -0.00003    -0.00001
    State        5
        5        -89.99663   2.0000000      1     0.50000    -0.00000     0.49997     0.00002     0.00000     0.00001
        5        -89.99663   2.0000000      2     0.50000    -0.00000     0.49997     0.00002     0.00000     0.00001
    State        6
        6        -89.99663   2.0000000      1     0.50000    -0.00000     0.49997     0.00002     0.00000     0.00001
        6        -89.99663   2.0000000      2     0.50000    -0.00000     0.49997     0.00002     0.00000     0.00001
    State        7
        7        -89.99404   2.0000000      1     0.50000    -0.00013     0.50010     0.00000    -0.00000     0.00003
        7        -89.99404   2.0000000      2     0.50000    -0.00013     0.50010     0.00000    -0.00000     0.00003
    State        8
        8        -89.98071   2.0000000      1     0.50000    -0.00045     0.50050    -0.00001    -0.00000    -0.00004
        8        -89.98071   2.0000000      2     0.50000    -0.00045     0.50050    -0.00001    -0.00000    -0.00004
    State        9
        9        -89.97808   2.0000000      1     0.50000    -0.00000     0.50004    -0.00003    -0.00001    -0.00000
        9        -89.97808   2.0000000      2     0.50000    -0.00000     0.50004    -0.00003    -0.00001    -0.00000
    State       10
       10        -89.97808   2.0000000      1     0.50000    -0.00000     0.50004    -0.00003    -0.00001    -0.00000
       10        -89.97808   2.0000000      2     0.50000    -0.00000     0.50004    -0.00003    -0.00001    -0.00000
    State       11
       11        -10.27928   2.0000000      1     0.50000     0.41747     0.06516     0.01427     0.00287     0.00024
       11        -10.27928   2.0000000      2     0.50000     0.41747     0.06516     0.01427     0.00287     0.00024
    State       12
       12         -6.50508   2.0000000      1     0.50000     0.16890     0.31775     0.01223    -0.00010     0.00122
       12         -6.50508   2.0000000      2     0.50000     0.16890     0.31775     0.01223    -0.00010     0.00122
    State       13
       13         -1.36530   2.0000000      1     0.50000     0.00000     0.45228     0.03888     0.00839     0.00045
       13         -1.36530   2.0000000      2     0.50000     0.00000     0.45228     0.03888     0.00839     0.00045
    State       14
       14         -1.36530   2.0000000      1     0.50000     0.00000     0.45228     0.03888     0.00839     0.00045
       14         -1.36530   2.0000000      2     0.50000     0.00000     0.45228     0.03888     0.00839     0.00045
    State       15
       15          1.21034   0.0000000      1     0.50000     0.19840     0.18091     0.10811     0.01269    -0.00011
       15          1.21034   0.0000000      2     0.50000     0.19840     0.18091     0.10811     0.01269    -0.00011
    State       16
       16          3.15798   0.0000000      1     0.50000     0.00000     0.28284     0.20569     0.00201     0.00946
       16          3.15798   0.0000000      2     0.50000     0.00000     0.28284     0.20569     0.00201     0.00946
    State       17
       17          3.15798   0.0000000      1     0.50000     0.00000     0.28284     0.20569     0.00201     0.00946
       17          3.15798   0.0000000      2     0.50000     0.00000     0.28284     0.20569     0.00201     0.00946
    State       18
       18          7.83230   0.0000000      1     0.50000     0.13788     0.14167     0.05420     0.16236     0.00389
       18          7.83230   0.0000000      2     0.50000     0.13788     0.14167     0.05420     0.16236     0.00389
    State       19
       19          8.90093   0.0000000      1     0.50000     0.00000     0.06007     0.37251     0.05924     0.00818
       19          8.90093   0.0000000      2     0.50000     0.00000     0.06007     0.37251     0.05924     0.00818
    State       20
       20          8.90093   0.0000000      1     0.50000     0.00000     0.06007     0.37251     0.05924     0.00818
       20          8.90093   0.0000000      2     0.50000     0.00000     0.06007     0.37251     0.05924     0.00818
    State       21
       21          9.71949   0.0000000      1     0.50000     0.10602     0.24916     0.06366     0.07796     0.00320
       21          9.71949   0.0000000      2     0.50000     0.10602     0.24916     0.06366     0.07796     0.00320
    State       22
       22         13.05637   0.0000000      1     0.50000     0.00000     0.09274     0.31112     0.08439     0.01175
       22         13.05637   0.0000000      2     0.50000     0.00000     0.09274     0.31112     0.08439     0.01175
    State       23
       23         13.05637   0.0000000      1     0.50000     0.00000     0.09274     0.31112     0.08439     0.01175
       23         13.05637   0.0000000      2     0.50000     0.00000     0.09274     0.31112     0.08439     0.01175
    State       24
       24         13.66113   0.0000000      1     0.50000     0.05063     0.36856     0.00082     0.06354     0.01644
       24         13.66113   0.0000000      2     0.50000     0.05063     0.36856     0.00082     0.06354     0.01644
    State       25
       25         16.72746   0.0000000      1     0.50000     0.07932     0.12111     0.22459     0.04874     0.02624
       25         16.72746   0.0000000      2     0.50000     0.07932     0.12111     0.22459     0.04874     0.02624
