k point number:     1: (   0.00000000   0.00000000   0.80000000 )
    State       eigenvalue  occ.number atom       total
    State        1
        1      -1776.57180   2.0000000      1     0.50022     0.50022    -0.00000    -0.00000    -0.00000    -0.00000
        1      -1776.57180   2.0000000      2     0.49978     0.49978    -0.00000    -0.00000    -0.00000    -0.00000
    State        2
        2      -1776.57180   2.0000000      1     0.49978     0.49978     0.00000    -0.00000    -0.00000    -0.00000
        2      -1776.57180   2.0000000      2     0.50022     0.50022     0.00000    -0.00000    -0.00000    -0.00000
    State        3
        3       -133.16392   2.0000000      1     0.50000     0.49990     0.00004    -0.00000     0.00005     0.00002
        3       -133.16392   2.0000000      2     0.50000     0.49990     0.00004    -0.00000     0.00005     0.00002
    State        4
        4       -133.15731   2.0000000      1     0.50000     0.50007     0.00000    -0.00000    -0.00006    -0.00001
        4       -133.15731   2.0000000      2     0.50000     0.50007     0.00000    -0.00000    -0.00006    -0.00001
    State        5
        5        -89.99597   2.0000000      1     0.50000    -0.00000     0.49997     0.00002     0.00001    -0.00000
        5        -89.99597   2.0000000      2     0.50000    -0.00000     0.49997     0.00002     0.00001    -0.00000
    State        6
        6        -89.99597   2.0000000      1     0.50000    -0.00000     0.49997     0.00002     0.00001    -0.00000
        6        -89.99597   2.0000000      2     0.50000    -0.00000     0.49997     0.00002     0.00001    -0.00000
    State        7
        7        -89.99500   2.0000000      1     0.50000    -0.00010     0.50007     0.00002     0.00000     0.00000
        7        -89.99500   2.0000000      2     0.50000    -0.00010     0.50007     0.00002     0.00000     0.00000
    State        8
        8        -89.97972   2.0000000      1     0.50000    -0.00017     0.50022    -0.00004    -0.00001    -0.00001
        8        -89.97972   2.0000000      2     0.50000    -0.00017     0.50022    -0.00004    -0.00001    -0.00001
    State        9
        9        -89.97874   2.0000000      1     0.50000    -0.00000     0.50004    -0.00004    -0.00001     0.00000
        9        -89.97874   2.0000000      2     0.50000    -0.00000     0.50004    -0.00004    -0.00001     0.00000
    State       10
       10        -89.97874   2.0000000      1     0.50000    -0.00000     0.50004    -0.00004    -0.00001     0.00000
       10        -89.97874   2.0000000      2     0.50000    -0.00000     0.50004    -0.00004    -0.00001     0.00000
    State       11
       11        -11.62950   2.0000000      1     0.50000     0.45749     0.03788     0.00168     0.00270     0.00024
       11        -11.62950   2.0000000      2     0.50000     0.45749     0.03788     0.00168     0.00270     0.00024
    State       12
       12         -3.26678   2.0000000      1     0.50000     0.12257     0.32524     0.04988     0.00134     0.00097
       12         -3.26678   2.0000000      2     0.50000     0.12257     0.32524     0.04988     0.00134     0.00097
    State       13
       13         -0.82158   2.0000000      1     0.50000     0.00000     0.43020     0.06587     0.00348     0.00046
       13         -0.82158   2.0000000      2     0.50000     0.00000     0.43020     0.06587     0.00348     0.00046
    State       14
       14         -0.82158   2.0000000      1     0.50000     0.00000     0.43020     0.06587     0.00348     0.00046
       14         -0.82158   2.0000000      2     0.50000     0.00000     0.43020     0.06587     0.00348     0.00046
    State       15
       15          1.82705   0.0000000      1     0.50000     0.15129     0.23999     0.09057     0.01711     0.00104
       15          1.82705   0.0000000      2     0.50000     0.15129     0.23999     0.09057     0.01711     0.00104
    State       16
       16          3.06366   0.0000000      1     0.50000     0.00000     0.35159     0.13289     0.01036     0.00516
       16          3.06366   0.0000000      2     0.50000     0.00000     0.35159     0.13289     0.01036     0.00516
    State       17
       17          3.06366   0.0000000      1     0.50000     0.00000     0.35159     0.13289     0.01036     0.00516
       17          3.06366   0.0000000      2     0.50000     0.00000     0.35159     0.13289     0.01036     0.00516
    State       18
       18          5.56905   0.0000000      1     0.50000     0.16274     0.27082     0.03771     0.02732     0.00141
       18          5.56905   0.0000000      2     0.50000     0.16274     0.27082     0.03771     0.02732     0.00141
    State       19
       19          7.03976   0.0000000      1     0.50000     0.00000     0.00993     0.44740     0.03494     0.00772
       19          7.03976   0.0000000      2     0.50000     0.00000     0.00993     0.44740     0.03494     0.00772
    State       20
       20          7.03976   0.0000000      1     0.50000     0.00000     0.00993     0.44740     0.03494     0.00772
       20          7.03976   0.0000000      2     0.50000     0.00000     0.00993     0.44740     0.03494     0.00772
    State       21
       21          9.10612   0.0000000      1     0.50000     0.14862     0.17376     0.03569     0.13624     0.00570
       21          9.10612   0.0000000      2     0.50000     0.14862     0.17376     0.03569     0.13624     0.00570
    State       22
       22         10.98728   0.0000000      1     0.50000     0.04758     0.14535     0.12922     0.15566     0.02218
       22         10.98728   0.0000000      2     0.50000     0.04758     0.14535     0.12922     0.15566     0.02218
    State       23
       23         14.02127   0.0000000      1     0.50000     0.00000     0.04878     0.28657     0.14351     0.02113
       23         14.02127   0.0000000      2     0.50000     0.00000     0.04878     0.28657     0.14351     0.02113
    State       24
       24         14.02127   0.0000000      1     0.50000     0.00000     0.04878     0.28657     0.14351     0.02113
       24         14.02127   0.0000000      2     0.50000     0.00000     0.04878     0.28657     0.14351     0.02113
    State       25
       25         18.63123   0.0000000      1     0.50000     0.14628     0.09606     0.16849     0.01845     0.07072
       25         18.63123   0.0000000      2     0.50000     0.14628     0.09606     0.16849     0.01845     0.07072
k point number:     2: (   0.00000000   0.00000000   0.80000000 )
    State       eigenvalue  occ.number atom       total
    State        1
        1      -1776.57180   2.0000000      1     0.50022     0.50022    -0.00000    -0.00000    -0.00000    -0.00000
        1      -1776.57180   2.0000000      2     0.49978     0.49978    -0.00000    -0.00000    -0.00000    -0.00000
    State        2
        2      -1776.57180   2.0000000      1     0.49978     0.49978     0.00000    -0.00000    -0.00000    -0.00000
        2      -1776.57180   2.0000000      2     0.50022     0.50022     0.00000    -0.00000    -0.00000    -0.00000
    State        3
        3       -133.16392   2.0000000      1     0.50000     0.49990     0.00004    -0.00000     0.00005     0.00002
        3       -133.16392   2.0000000      2     0.50000     0.49990     0.00004    -0.00000     0.00005     0.00002
    State        4
        4       -133.15731   2.0000000      1     0.50000     0.50007     0.00000    -0.00000    -0.00006    -0.00001
        4       -133.15731   2.0000000      2     0.50000     0.50007     0.00000    -0.00000    -0.00006    -0.00001
    State        5
        5        -89.99597   2.0000000      1     0.50000    -0.00000     0.49997     0.00002     0.00001    -0.00000
        5        -89.99597   2.0000000      2     0.50000    -0.00000     0.49997     0.00002     0.00001    -0.00000
    State        6
        6        -89.99597   2.0000000      1     0.50000    -0.00000     0.49997     0.00002     0.00001    -0.00000
        6        -89.99597   2.0000000      2     0.50000    -0.00000     0.49997     0.00002     0.00001    -0.00000
    State        7
        7        -89.99500   2.0000000      1     0.50000    -0.00010     0.50007     0.00002     0.00000     0.00000
        7        -89.99500   2.0000000      2     0.50000    -0.00010     0.50007     0.00002     0.00000     0.00000
    State        8
        8        -89.97972   2.0000000      1     0.50000    -0.00017     0.50022    -0.00004    -0.00001    -0.00001
        8        -89.97972   2.0000000      2     0.50000    -0.00017     0.50022    -0.00004    -0.00001    -0.00001
    State        9
        9        -89.97874   2.0000000      1     0.50000    -0.00000     0.50004    -0.00004    -0.00001     0.00000
        9        -89.97874   2.0000000      2     0.50000    -0.00000     0.50004    -0.00004    -0.00001     0.00000
    State       10
       10        -89.97874   2.0000000      1     0.50000    -0.00000     0.50004    -0.00004    -0.00001     0.00000
       10        -89.97874   2.0000000      2     0.50000    -0.00000     0.50004    -0.00004    -0.00001     0.00000
    State       11
       11        -11.62950   2.0000000      1     0.50000     0.45749     0.03788     0.00168     0.00270     0.00024
       11        -11.62950   2.0000000      2     0.50000     0.45749     0.03788     0.00168     0.00270     0.00024
    State       12
       12         -3.26678   2.0000000      1     0.50000     0.12257     0.32524     0.04988     0.00134     0.00097
       12         -3.26678   2.0000000      2     0.50000     0.12257     0.32524     0.04988     0.00134     0.00097
    State       13
       13         -0.82158   2.0000000      1     0.50000     0.00000     0.43020     0.06587     0.00348     0.00046
       13         -0.82158   2.0000000      2     0.50000     0.00000     0.43020     0.06587     0.00348     0.00046
    State       14
       14         -0.82158   2.0000000      1     0.50000     0.00000     0.43020     0.06587     0.00348     0.00046
       14         -0.82158   2.0000000      2     0.50000     0.00000     0.43020     0.06587     0.00348     0.00046
    State       15
       15          1.82705   0.0000000      1     0.50000     0.15129     0.23999     0.09057     0.01711     0.00104
       15          1.82705   0.0000000      2     0.50000     0.15129     0.23999     0.09057     0.01711     0.00104
    State       16
       16          3.06366   0.0000000      1     0.50000     0.00000     0.35159     0.13289     0.01036     0.00516
       16          3.06366   0.0000000      2     0.50000     0.00000     0.35159     0.13289     0.01036     0.00516
    State       17
       17          3.06366   0.0000000      1     0.50000     0.00000     0.35159     0.13289     0.01036     0.00516
       17          3.06366   0.0000000      2     0.50000     0.00000     0.35159     0.13289     0.01036     0.00516
    State       18
       18          5.56905   0.0000000      1     0.50000     0.16274     0.27082     0.03771     0.02732     0.00141
       18          5.56905   0.0000000      2     0.50000     0.16274     0.27082     0.03771     0.02732     0.00141
    State       19
       19          7.03976   0.0000000      1     0.50000     0.00000     0.00993     0.44740     0.03494     0.00772
       19          7.03976   0.0000000      2     0.50000     0.00000     0.00993     0.44740     0.03494     0.00772
    State       20
       20          7.03976   0.0000000      1     0.50000     0.00000     0.00993     0.44740     0.03494     0.00772
       20          7.03976   0.0000000      2     0.50000     0.00000     0.00993     0.44740     0.03494     0.00772
    State       21
       21          9.10612   0.0000000      1     0.50000     0.14862     0.17376     0.03569     0.13624     0.00570
       21          9.10612   0.0000000      2     0.50000     0.14862     0.17376     0.03569     0.13624     0.00570
    State       22
       22         10.98728   0.0000000      1     0.50000     0.04758     0.14535     0.12922     0.15566     0.02218
       22         10.98728   0.0000000      2     0.50000     0.04758     0.14535     0.12922     0.15566     0.02218
    State       23
       23         14.02127   0.0000000      1     0.50000     0.00000     0.04878     0.28657     0.14351     0.02113
       23         14.02127   0.0000000      2     0.50000     0.00000     0.04878     0.28657     0.14351     0.02113
    State       24
       24         14.02127   0.0000000      1     0.50000     0.00000     0.04878     0.28657     0.14351     0.02113
       24         14.02127   0.0000000      2     0.50000     0.00000     0.04878     0.28657     0.14351     0.02113
    State       25
       25         18.63123   0.0000000      1     0.50000     0.14628     0.09606     0.16849     0.01845     0.07072
       25         18.63123   0.0000000      2     0.50000     0.14628     0.09606     0.16849     0.01845     0.07072
