k point number:     1: (   0.00000000   0.00000000   0.00000000 )
    State       eigenvalue  occ.number atom       total
    State        1
        1       -503.36116   2.0000000      1     1.00035     1.00035     0.00000     0.00000     0.00000
        1       -503.36116   2.0000000      2    -0.00017    -0.00009    -0.00008
        1       -503.36116   2.0000000      3    -0.00017    -0.00009    -0.00008
    State        2
        2        -21.25591   2.0000000      1     0.80906     0.76600     0.04136     0.00127     0.00044
        2        -21.25591   2.0000000      2     0.09547     0.08423     0.01124
        2        -21.25591   2.0000000      3     0.09547     0.08423     0.01124
    State        3
        3         -9.27711   2.0000000      1     0.64066     0.00000     0.63254     0.00758     0.00054
        3         -9.27711   2.0000000      2     0.17967     0.17632     0.00335
        3         -9.27711   2.0000000      3     0.17967     0.17632     0.00335
    State        4
        4         -5.47299   2.0000000      1     0.89124     0.12490     0.76415     0.00173     0.00046
        4         -5.47299   2.0000000      2     0.05438     0.04600     0.00838
        4         -5.47299   2.0000000      3     0.05438     0.04600     0.00838
    State        5
        5         -3.45557   2.0000000      1     0.96940     0.00000     0.96801     0.00121     0.00018
        5         -3.45557   2.0000000      2     0.01530     0.00000     0.01530
        5         -3.45557   2.0000000      3     0.01530     0.00000     0.01530
    State        6
        6          3.45557   0.0000000      1    -0.04376    -0.08584     0.04097     0.00088     0.00023
        6          3.45557   0.0000000      2     0.52188     0.50752     0.01436
        6          3.45557   0.0000000      3     0.52188     0.50752     0.01436
    State        7
        7          5.59464   0.0000000      1    -0.13249    -0.00000    -0.13415     0.00152     0.00014
        7          5.59464   0.0000000      2     0.56625     0.55849     0.00776
        7          5.59464   0.0000000      3     0.56625     0.55849     0.00776
    State        8
        8         10.39213   0.0000000      1     0.94214    -0.11386     1.07850    -0.01505    -0.00746
        8         10.39213   0.0000000      2     0.02893     0.03668    -0.00775
        8         10.39213   0.0000000      3     0.02893     0.03668    -0.00775
    State        9
        9         10.80086   0.0000000      1     0.65677    -0.00000     0.67563    -0.01525    -0.00361
        9         10.80086   0.0000000      2     0.17161     0.18358    -0.01196
        9         10.80086   0.0000000      3     0.17161     0.18358    -0.01196
    State       10
       10         12.29414   0.0000000      1     0.33770     0.00000     0.21531     0.12346    -0.00107
       10         12.29414   0.0000000      2     0.33143     0.00000     0.33143
       10         12.29414   0.0000000      3     0.33087     0.00000     0.33087
    State       11
       11         12.80323   0.0000000      1     0.20736     0.01902     0.17494     0.01362    -0.00022
       11         12.80323   0.0000000      2     0.39632     0.35772     0.03860
       11         12.80323   0.0000000      3     0.39632     0.35772     0.03860
    State       12
       12         19.56627   0.0000000      1     0.92112     0.00000     0.91470     0.00309     0.00333
       12         19.56627   0.0000000      2     0.03944     0.01400     0.02544
       12         19.56627   0.0000000      3     0.03944     0.01400     0.02544
    State       13
       13         26.87319   0.0000000      1     0.24012     0.07607     0.01490     0.15167    -0.00251
       13         26.87319   0.0000000      2     0.37994     0.00994     0.37000
       13         26.87319   0.0000000      3     0.37994     0.00994     0.37000
    State       14
       14         29.85648   0.0000000      1     0.18213     0.00000     0.00000     0.19288    -0.01076
       14         29.85648   0.0000000      2     0.40835     0.00000     0.40835
       14         29.85648   0.0000000      3     0.40953     0.00000     0.40953
    State       15
       15         33.93826   0.0000000      1     0.87459     0.00000     0.83753     0.03812    -0.00106
       15         33.93826   0.0000000      2     0.06299     0.00000     0.06299
       15         33.93826   0.0000000      3     0.06242     0.00000     0.06242
    State       16
       16         34.28562   0.0000000      1     1.23712     1.18314    -0.02027     0.07724    -0.00300
       16         34.28562   0.0000000      2    -0.11856    -0.12723     0.00867
       16         34.28562   0.0000000      3    -0.11856    -0.12723     0.00867
k point number:     2: (   0.00000000   0.00000000   0.00000000 )
    State       eigenvalue  occ.number atom       total
    State        1
        1       -503.36116   2.0000000      1     1.00035     1.00035     0.00000     0.00000     0.00000
        1       -503.36116   2.0000000      2    -0.00017    -0.00009    -0.00008
        1       -503.36116   2.0000000      3    -0.00017    -0.00009    -0.00008
    State        2
        2        -21.25591   2.0000000      1     0.80906     0.76600     0.04136     0.00127     0.00044
        2        -21.25591   2.0000000      2     0.09547     0.08423     0.01124
        2        -21.25591   2.0000000      3     0.09547     0.08423     0.01124
    State        3
        3         -9.27711   2.0000000      1     0.64066     0.00000     0.63254     0.00758     0.00054
        3         -9.27711   2.0000000      2     0.17967     0.17632     0.00335
        3         -9.27711   2.0000000      3     0.17967     0.17632     0.00335
    State        4
        4         -5.47299   2.0000000      1     0.89124     0.12490     0.76415     0.00173     0.00046
        4         -5.47299   2.0000000      2     0.05438     0.04600     0.00838
        4         -5.47299   2.0000000      3     0.05438     0.04600     0.00838
    State        5
        5         -3.45557   2.0000000      1     0.96940     0.00000     0.96801     0.00121     0.00018
        5         -3.45557   2.0000000      2     0.01530     0.00000     0.01530
        5         -3.45557   2.0000000      3     0.01530     0.00000     0.01530
    State        6
        6          3.45557   0.0000000      1    -0.04376    -0.08584     0.04097     0.00088     0.00023
        6          3.45557   0.0000000      2     0.52188     0.50752     0.01436
        6          3.45557   0.0000000      3     0.52188     0.50752     0.01436
    State        7
        7          5.59464   0.0000000      1    -0.13249    -0.00000    -0.13415     0.00152     0.00014
        7          5.59464   0.0000000      2     0.56625     0.55849     0.00776
        7          5.59464   0.0000000      3     0.56625     0.55849     0.00776
    State        8
        8         10.39213   0.0000000      1     0.94214    -0.11386     1.07850    -0.01505    -0.00746
        8         10.39213   0.0000000      2     0.02893     0.03668    -0.00775
        8         10.39213   0.0000000      3     0.02893     0.03668    -0.00775
    State        9
        9         10.80086   0.0000000      1     0.65677    -0.00000     0.67563    -0.01525    -0.00361
        9         10.80086   0.0000000      2     0.17161     0.18358    -0.01196
        9         10.80086   0.0000000      3     0.17161     0.18358    -0.01196
    State       10
       10         12.29414   0.0000000      1     0.33770     0.00000     0.21531     0.12346    -0.00107
       10         12.29414   0.0000000      2     0.33143     0.00000     0.33143
       10         12.29414   0.0000000      3     0.33087     0.00000     0.33087
    State       11
       11         12.80323   0.0000000      1     0.20736     0.01902     0.17494     0.01362    -0.00022
       11         12.80323   0.0000000      2     0.39632     0.35772     0.03860
       11         12.80323   0.0000000      3     0.39632     0.35772     0.03860
    State       12
       12         19.56627   0.0000000      1     0.92112     0.00000     0.91470     0.00309     0.00333
       12         19.56627   0.0000000      2     0.03944     0.01400     0.02544
       12         19.56627   0.0000000      3     0.03944     0.01400     0.02544
    State       13
       13         26.87319   0.0000000      1     0.24012     0.07607     0.01490     0.15167    -0.00251
       13         26.87319   0.0000000      2     0.37994     0.00994     0.37000
       13         26.87319   0.0000000      3     0.37994     0.00994     0.37000
    State       14
       14         29.85648   0.0000000      1     0.18213     0.00000     0.00000     0.19288    -0.01076
       14         29.85648   0.0000000      2     0.40835     0.00000     0.40835
       14         29.85648   0.0000000      3     0.40953     0.00000     0.40953
    State       15
       15         33.93826   0.0000000      1     0.87459     0.00000     0.83753     0.03812    -0.00106
       15         33.93826   0.0000000      2     0.06299     0.00000     0.06299
       15         33.93826   0.0000000      3     0.06242     0.00000     0.06242
    State       16
       16         34.28562   0.0000000      1     1.23712     1.18314    -0.02027     0.07724    -0.00300
       16         34.28562   0.0000000      2    -0.11856    -0.12723     0.00867
       16         34.28562   0.0000000      3    -0.11856    -0.12723     0.00867
